TN:
SF:/home/atcsol/git/obdh_proy_26_fernando_giron/DJF/FTs/ft_asw_uah_mars_drone_freertos/asw/components/ccbkgtcexec/include/public/ccbkgtcexec_iface_v1.h
FN:201,202,_ZN11CCBKGTCExec16EDROOM_CTX_Top_016EDROOMNewMessageEv
FNDA:5,_ZN11CCBKGTCExec16EDROOM_CTX_Top_016EDROOMNewMessageEv
FNF:1
FNH:1
DA:201,5
DA:202,5
LF:2
LH:2
end_of_record
TN:
SF:/home/atcsol/git/obdh_proy_26_fernando_giron/DJF/FTs/ft_asw_uah_mars_drone_freertos/asw/components/ccbkgtcexec/src/CCBKGTCExecB.cpp
FN:13,20,_ZN11CCBKGTCExec16EDROOM_CTX_Top_0C2ERS_
FN:155,160,_ZN11CCBKGTCExec16EDROOM_SUB_Top_010EDROOMInitEv
FN:172,182,_ZN11CCBKGTCExec16EDROOM_SUB_Top_014EDROOMIArrivalEv
FN:194,234,_ZN11CCBKGTCExec16EDROOM_SUB_Top_018EDROOMReadyArrivalEv
FN:22,30,_ZN11CCBKGTCExec16EDROOM_CTX_Top_0C2ERS0_
FN:34,54,_ZN11CCBKGTCExec16EDROOM_CTX_Top_024EDROOMSearchContextTransER14TEDROOMTransId
FN:58,70,_ZN11CCBKGTCExec16EDROOM_CTX_Top_010FExecBKGTCEv
FN:88,92,_ZN11CCBKGTCExec16EDROOM_SUB_Top_0C2ERS_
FN:96,149,_ZN11CCBKGTCExec16EDROOM_SUB_Top_015EDROOMBehaviourEv
FNDA:1,_ZN11CCBKGTCExec16EDROOM_CTX_Top_0C2ERS_
FNDA:1,_ZN11CCBKGTCExec16EDROOM_SUB_Top_010EDROOMInitEv
FNDA:1,_ZN11CCBKGTCExec16EDROOM_SUB_Top_014EDROOMIArrivalEv
FNDA:5,_ZN11CCBKGTCExec16EDROOM_SUB_Top_018EDROOMReadyArrivalEv
FNDA:0,_ZN11CCBKGTCExec16EDROOM_CTX_Top_0C2ERS0_
FNDA:0,_ZN11CCBKGTCExec16EDROOM_CTX_Top_024EDROOMSearchContextTransER14TEDROOMTransId
FNDA:4,_ZN11CCBKGTCExec16EDROOM_CTX_Top_010FExecBKGTCEv
FNDA:1,_ZN11CCBKGTCExec16EDROOM_SUB_Top_0C2ERS_
FNDA:1,_ZN11CCBKGTCExec16EDROOM_SUB_Top_015EDROOMBehaviourEv
FNF:9
FNH:7
DA:13,1
DA:15,1
DA:16,1
DA:17,1
DA:18,1
DA:20,1
DA:22,0
DA:24,0
DA:25,0
DA:26,0
DA:27,0
DA:30,0
DA:34,0
DA:38,0
DA:40,0
DA:43,0
DA:45,0
DA:46,0
DA:47,0
DA:48,0
DA:52,0
DA:58,4
DA:62,4
DA:65,4
DA:70,4
DA:88,1
DA:89,1
DA:92,1
DA:96,1
DA:103,1
DA:110,5
DA:114,1
DA:116,1
DA:117,1
DA:119,4
DA:121,4
DA:123,4
DA:124,4
DA:128,5
DA:132,0
DA:134,0
DA:135,0
DA:138,5
DA:140,5
DA:141,4
DA:145,4
DA:147,4
DA:149,0
DA:155,1
DA:158,1
DA:160,1
DA:172,1
DA:178,1
DA:179,1
DA:180,1
DA:194,5
DA:199,5
DA:204,5
DA:206,4
DA:209,4
DA:211,4
DA:215,4
DA:216,4
DA:217,4
DA:220,4
DA:224,4
DA:226,0
DA:230,4
DA:232,4
LF:69
LH:49
end_of_record
TN:
SF:/home/atcsol/git/obdh_proy_26_fernando_giron/DJF/FTs/ft_asw_uah_mars_drone_freertos/asw/components/ccbkgtcexec/src/CCBKGTCExecS.cpp
FN:102,114,_ZN11CCBKGTCExec13CEDROOMMemory9SetMemoryEjP14CEDROOMMessagePbjPN12CEDROOMQueue10CQueueNodeES3_
FN:13,30,_ZN11CCBKGTCExecC2Ejj15TEDROOMPriorityjPNS_13CEDROOMMemoryE
FN:41,46,_ZN11CCBKGTCExec12EDROOMConfigEv
FN:52,61,_ZN11CCBKGTCExec11EDROOMStartEv
FN:73,79,_ZN11CCBKGTCExec15EDROOMBehaviourEv
FNDA:1,_ZN11CCBKGTCExec13CEDROOMMemory9SetMemoryEjP14CEDROOMMessagePbjPN12CEDROOMQueue10CQueueNodeES3_
FNDA:1,_ZN11CCBKGTCExecC2Ejj15TEDROOMPriorityjPNS_13CEDROOMMemoryE
FNDA:0,_ZN11CCBKGTCExec12EDROOMConfigEv
FNDA:1,_ZN11CCBKGTCExec11EDROOMStartEv
FNDA:1,_ZN11CCBKGTCExec15EDROOMBehaviourEv
FNF:5
FNH:4
DA:13,1
DA:17,1
DA:24,1
DA:30,1
DA:41,0
DA:45,0
DA:52,1
DA:58,1
DA:60,1
DA:73,1
DA:76,1
DA:77,1
DA:79,0
DA:102,1
DA:110,1
DA:111,1
DA:114,1
LF:17
LH:14
end_of_record
TN:
SF:/home/atcsol/git/obdh_proy_26_fernando_giron/DJF/FTs/ft_asw_uah_mars_drone_freertos/asw/components/ccdronemng/include/public/ccdronemng_iface_v1.h
FN:245,246,_ZN10CCDroneMng16EDROOM_CTX_Top_016EDROOMNewMessageEv
FNDA:2,_ZN10CCDroneMng16EDROOM_CTX_Top_016EDROOMNewMessageEv
FNF:1
FNH:1
DA:245,2
DA:246,2
LF:2
LH:2
end_of_record
TN:
SF:/home/atcsol/git/obdh_proy_26_fernando_giron/DJF/FTs/ft_asw_uah_mars_drone_freertos/asw/components/ccdronemng/src/CCDroneMngB.cpp
FN:101,111,_ZN10CCDroneMng16EDROOM_CTX_Top_010FGetConfigEv
FN:115,126,_ZN10CCDroneMng16EDROOM_CTX_Top_015FInitFlightPlanEv
FN:13,23,_ZN10CCDroneMng16EDROOM_CTX_Top_0C2ERS_R7Pr_Time
FN:130,139,_ZN10CCDroneMng16EDROOM_CTX_Top_013FProgNextCtrlEv
FN:143,150,_ZN10CCDroneMng16EDROOM_CTX_Top_016FReplyDroneReadyEv
FN:154,160,_ZN10CCDroneMng16EDROOM_CTX_Top_08FToReadyEv
FN:164,170,_ZN10CCDroneMng16EDROOM_CTX_Top_015GExecFlightPlanEv
FN:174,180,_ZN10CCDroneMng16EDROOM_CTX_Top_015GFlightPlanDoneEv
FN:198,203,_ZN10CCDroneMng16EDROOM_SUB_Top_0C2ERS_
FN:207,345,_ZN10CCDroneMng16EDROOM_SUB_Top_015EDROOMBehaviourEv
FN:25,35,_ZN10CCDroneMng16EDROOM_CTX_Top_0C2ERS0_
FN:351,356,_ZN10CCDroneMng16EDROOM_SUB_Top_010EDROOMInitEv
FN:368,378,_ZN10CCDroneMng16EDROOM_SUB_Top_014EDROOMIArrivalEv
FN:39,59,_ZN10CCDroneMng16EDROOM_CTX_Top_024EDROOMSearchContextTransER14TEDROOMTransId
FN:390,430,_ZN10CCDroneMng16EDROOM_SUB_Top_021EDROOMSelfTestArrivalEv
FN:442,482,_ZN10CCDroneMng16EDROOM_SUB_Top_018EDROOMReadyArrivalEv
FN:494,547,_ZN10CCDroneMng16EDROOM_SUB_Top_023EDROOMFlightPlanArrivalEv
FN:63,75,_ZN10CCDroneMng16EDROOM_CTX_Top_014FDroneSelfTestEv
FN:79,87,_ZN10CCDroneMng16EDROOM_CTX_Top_012FExecDroneTCEv
FN:91,97,_ZN10CCDroneMng16EDROOM_CTX_Top_020FFlightCtrlAlgorithmEv
FNDA:1,_ZN10CCDroneMng16EDROOM_CTX_Top_010FGetConfigEv
FNDA:0,_ZN10CCDroneMng16EDROOM_CTX_Top_015FInitFlightPlanEv
FNDA:1,_ZN10CCDroneMng16EDROOM_CTX_Top_0C2ERS_R7Pr_Time
FNDA:0,_ZN10CCDroneMng16EDROOM_CTX_Top_013FProgNextCtrlEv
FNDA:1,_ZN10CCDroneMng16EDROOM_CTX_Top_016FReplyDroneReadyEv
FNDA:0,_ZN10CCDroneMng16EDROOM_CTX_Top_08FToReadyEv
FNDA:0,_ZN10CCDroneMng16EDROOM_CTX_Top_015GExecFlightPlanEv
FNDA:0,_ZN10CCDroneMng16EDROOM_CTX_Top_015GFlightPlanDoneEv
FNDA:1,_ZN10CCDroneMng16EDROOM_SUB_Top_0C2ERS_
FNDA:1,_ZN10CCDroneMng16EDROOM_SUB_Top_015EDROOMBehaviourEv
FNDA:0,_ZN10CCDroneMng16EDROOM_CTX_Top_0C2ERS0_
FNDA:1,_ZN10CCDroneMng16EDROOM_SUB_Top_010EDROOMInitEv
FNDA:1,_ZN10CCDroneMng16EDROOM_SUB_Top_014EDROOMIArrivalEv
FNDA:0,_ZN10CCDroneMng16EDROOM_CTX_Top_024EDROOMSearchContextTransER14TEDROOMTransId
FNDA:1,_ZN10CCDroneMng16EDROOM_SUB_Top_021EDROOMSelfTestArrivalEv
FNDA:1,_ZN10CCDroneMng16EDROOM_SUB_Top_018EDROOMReadyArrivalEv
FNDA:0,_ZN10CCDroneMng16EDROOM_SUB_Top_023EDROOMFlightPlanArrivalEv
FNDA:1,_ZN10CCDroneMng16EDROOM_CTX_Top_014FDroneSelfTestEv
FNDA:0,_ZN10CCDroneMng16EDROOM_CTX_Top_012FExecDroneTCEv
FNDA:0,_ZN10CCDroneMng16EDROOM_CTX_Top_020FFlightCtrlAlgorithmEv
FNF:20
FNH:10
DA:13,1
DA:14,1
DA:16,1
DA:17,1
DA:18,1
DA:19,1
DA:20,1
DA:21,1
DA:23,1
DA:25,0
DA:27,0
DA:28,0
DA:29,0
DA:30,0
DA:31,0
DA:32,0
DA:35,0
DA:39,0
DA:43,0
DA:45,0
DA:48,0
DA:50,0
DA:51,0
DA:52,0
DA:53,0
DA:57,0
DA:63,1
DA:69,1
DA:75,1
DA:79,0
DA:83,0
DA:85,0
DA:87,0
DA:91,0
DA:95,0
DA:97,0
DA:101,1
DA:105,1
DA:109,1
DA:111,1
DA:115,0
DA:119,0
DA:120,0
DA:121,0
DA:122,0
DA:123,0
DA:124,0
DA:126,0
DA:130,0
DA:134,0
DA:135,0
DA:136,0
DA:137,0
DA:139,0
DA:143,1
DA:147,1
DA:149,1
DA:150,1
DA:154,0
DA:158,0
DA:160,0
DA:164,0
DA:168,0
DA:174,0
DA:178,0
DA:198,1
DA:200,1
DA:203,1
DA:207,1
DA:214,1
DA:221,2
DA:225,1
DA:227,1
DA:228,1
DA:230,1
DA:232,1
DA:234,1
DA:236,1
DA:237,1
DA:239,0
DA:242,0
DA:244,0
DA:247,0
DA:250,0
DA:254,0
DA:261,0
DA:265,0
DA:267,0
DA:269,0
DA:272,0
DA:274,0
DA:277,0
DA:280,0
DA:284,0
DA:290,0
DA:293,0
DA:297,0
DA:299,0
DA:301,0
DA:303,0
DA:305,0
DA:306,0
DA:310,2
DA:314,0
DA:316,0
DA:317,0
DA:320,1
DA:322,1
DA:324,1
DA:325,1
DA:328,1
DA:330,1
DA:331,0
DA:334,0
DA:336,0
DA:337,0
DA:341,1
DA:343,1
DA:345,0
DA:351,1
DA:354,1
DA:356,1
DA:368,1
DA:374,1
DA:375,1
DA:376,1
DA:390,1
DA:395,1
DA:400,1
DA:402,1
DA:405,1
DA:407,1
DA:411,1
DA:412,1
DA:413,1
DA:416,1
DA:420,1
DA:422,0
DA:426,1
DA:428,1
DA:442,1
DA:447,1
DA:452,1
DA:454,0
DA:457,0
DA:459,0
DA:463,0
DA:464,0
DA:465,0
DA:468,0
DA:472,0
DA:474,0
DA:478,0
DA:480,0
DA:494,0
DA:499,0
DA:504,0
DA:506,0
DA:509,0
DA:511,0
DA:515,0
DA:516,0
DA:517,0
DA:520,0
DA:522,0
DA:524,0
DA:528,0
DA:529,0
DA:530,0
DA:533,0
DA:537,0
DA:539,0
DA:543,0
DA:545,0
LF:174
LH:66
end_of_record
TN:
SF:/home/atcsol/git/obdh_proy_26_fernando_giron/DJF/FTs/ft_asw_uah_mars_drone_freertos/asw/components/ccdronemng/src/CCDroneMngS.cpp
FN:114,128,_ZN10CCDroneMng13CEDROOMMemory9SetMemoryEjP14CEDROOMMessagePbjPN12CEDROOMQueue10CQueueNodeES3_
FN:13,38,_ZN10CCDroneMngC2Ejj15TEDROOMPriorityjPNS_13CEDROOMMemoryE
FN:49,54,_ZN10CCDroneMng12EDROOMConfigEv
FN:60,73,_ZN10CCDroneMng11EDROOMStartEv
FN:85,91,_ZN10CCDroneMng15EDROOMBehaviourEv
FNDA:1,_ZN10CCDroneMng13CEDROOMMemory9SetMemoryEjP14CEDROOMMessagePbjPN12CEDROOMQueue10CQueueNodeES3_
FNDA:1,_ZN10CCDroneMngC2Ejj15TEDROOMPriorityjPNS_13CEDROOMMemoryE
FNDA:0,_ZN10CCDroneMng12EDROOMConfigEv
FNDA:1,_ZN10CCDroneMng11EDROOMStartEv
FNDA:1,_ZN10CCDroneMng15EDROOMBehaviourEv
FNF:5
FNH:4
DA:13,1
DA:17,1
DA:24,1
DA:28,1
DA:32,2
DA:38,1
DA:49,0
DA:53,0
DA:60,1
DA:66,1
DA:70,1
DA:72,1
DA:85,1
DA:88,1
DA:89,1
DA:91,0
DA:114,1
DA:122,1
DA:123,1
DA:125,1
DA:128,1
LF:21
LH:18
end_of_record
TN:
SF:/home/atcsol/git/obdh_proy_26_fernando_giron/DJF/FTs/ft_asw_uah_mars_drone_freertos/asw/components/cchk_fdirmng/include/public/cchk_fdirmng_iface_v1.h
FN:254,255,_ZN12CCHK_FDIRMng16EDROOM_CTX_Top_016EDROOMNewMessageEv
FNDA:107,_ZN12CCHK_FDIRMng16EDROOM_CTX_Top_016EDROOMNewMessageEv
FNF:1
FNH:1
DA:254,107
DA:255,107
LF:2
LH:2
end_of_record
TN:
SF:/home/atcsol/git/obdh_proy_26_fernando_giron/DJF/FTs/ft_asw_uah_mars_drone_freertos/asw/components/cchk_fdirmng/src/CCHK_FDIRMngB.cpp
FN:110,123,_ZN12CCHK_FDIRMng16EDROOM_CTX_Top_012FInitHK_FDIREv
FN:127,134,_ZN12CCHK_FDIRMng16EDROOM_CTX_Top_016GPendingEvActionEv
FN:13,25,_ZN12CCHK_FDIRMng16EDROOM_CTX_Top_0C2ERS_R7Pr_TimeRNS0_21CEDROOMPOOLCDEvActionE
FN:142,147,_ZN12CCHK_FDIRMng16EDROOM_CTX_Top_021CEDROOMPOOLCDEvActionC2EjP10CDEvActionPb
FN:149,152,_ZN12CCHK_FDIRMng16EDROOM_CTX_Top_021CEDROOMPOOLCDEvAction9AllocDataEv
FN:166,176,_ZN12CCHK_FDIRMng16EDROOM_SUB_Top_0C2ERS_PNS_13CEDROOMMemoryE
FN:180,265,_ZN12CCHK_FDIRMng16EDROOM_SUB_Top_015EDROOMBehaviourEv
FN:27,38,_ZN12CCHK_FDIRMng16EDROOM_CTX_Top_0C2ERS0_
FN:271,276,_ZN12CCHK_FDIRMng16EDROOM_SUB_Top_010EDROOMInitEv
FN:288,298,_ZN12CCHK_FDIRMng16EDROOM_SUB_Top_014EDROOMIArrivalEv
FN:310,363,_ZN12CCHK_FDIRMng16EDROOM_SUB_Top_018EDROOMReadyArrivalEv
FN:42,62,_ZN12CCHK_FDIRMng16EDROOM_CTX_Top_024EDROOMSearchContextTransER14TEDROOMTransId
FN:66,80,_ZN12CCHK_FDIRMng16EDROOM_CTX_Top_010FDoHK_FDIREv
FN:84,92,_ZN12CCHK_FDIRMng16EDROOM_CTX_Top_015FExecHK_FDIR_TCEv
FN:96,106,_ZN12CCHK_FDIRMng16EDROOM_CTX_Top_012FFwdEvActionEv
FNDA:1,_ZN12CCHK_FDIRMng16EDROOM_CTX_Top_012FInitHK_FDIREv
FNDA:99,_ZN12CCHK_FDIRMng16EDROOM_CTX_Top_016GPendingEvActionEv
FNDA:1,_ZN12CCHK_FDIRMng16EDROOM_CTX_Top_0C2ERS_R7Pr_TimeRNS0_21CEDROOMPOOLCDEvActionE
FNDA:1,_ZN12CCHK_FDIRMng16EDROOM_CTX_Top_021CEDROOMPOOLCDEvActionC2EjP10CDEvActionPb
FNDA:1,_ZN12CCHK_FDIRMng16EDROOM_CTX_Top_021CEDROOMPOOLCDEvAction9AllocDataEv
FNDA:1,_ZN12CCHK_FDIRMng16EDROOM_SUB_Top_0C2ERS_PNS_13CEDROOMMemoryE
FNDA:1,_ZN12CCHK_FDIRMng16EDROOM_SUB_Top_015EDROOMBehaviourEv
FNDA:0,_ZN12CCHK_FDIRMng16EDROOM_CTX_Top_0C2ERS0_
FNDA:1,_ZN12CCHK_FDIRMng16EDROOM_SUB_Top_010EDROOMInitEv
FNDA:1,_ZN12CCHK_FDIRMng16EDROOM_SUB_Top_014EDROOMIArrivalEv
FNDA:107,_ZN12CCHK_FDIRMng16EDROOM_SUB_Top_018EDROOMReadyArrivalEv
FNDA:0,_ZN12CCHK_FDIRMng16EDROOM_CTX_Top_024EDROOMSearchContextTransER14TEDROOMTransId
FNDA:100,_ZN12CCHK_FDIRMng16EDROOM_CTX_Top_010FDoHK_FDIREv
FNDA:7,_ZN12CCHK_FDIRMng16EDROOM_CTX_Top_015FExecHK_FDIR_TCEv
FNDA:1,_ZN12CCHK_FDIRMng16EDROOM_CTX_Top_012FFwdEvActionEv
FNF:15
FNH:13
DA:13,1
DA:15,1
DA:17,1
DA:18,1
DA:19,1
DA:20,1
DA:21,1
DA:22,1
DA:23,1
DA:25,1
DA:27,0
DA:29,0
DA:30,0
DA:31,0
DA:32,0
DA:33,0
DA:34,0
DA:35,0
DA:38,0
DA:42,0
DA:46,0
DA:48,0
DA:51,0
DA:53,0
DA:54,0
DA:55,0
DA:56,0
DA:60,0
DA:66,100
DA:70,100
DA:72,100
DA:73,100
DA:75,100
DA:76,100
DA:77,100
DA:79,100
DA:80,99
DA:84,7
DA:88,7
DA:90,7
DA:92,7
DA:96,1
DA:100,1
DA:103,1
DA:105,1
DA:106,1
DA:110,1
DA:114,1
DA:116,1
DA:117,1
DA:118,1
DA:122,1
DA:123,1
DA:127,99
DA:131,99
DA:142,1
DA:143,1
DA:145,1
DA:147,1
DA:149,1
DA:151,1
DA:166,1
DA:167,1
DA:169,1
DA:170,1
DA:171,1
DA:172,1
DA:173,1
DA:176,1
DA:180,1
DA:187,1
DA:194,108
DA:198,1
DA:200,1
DA:202,1
DA:203,1
DA:205,7
DA:207,7
DA:209,7
DA:210,7
DA:212,100
DA:215,100
DA:217,99
DA:220,1
DA:223,1
DA:227,1
DA:234,98
DA:238,98
DA:240,99
DA:244,107
DA:248,0
DA:250,0
DA:251,0
DA:254,107
DA:256,107
DA:257,107
DA:261,107
DA:263,107
DA:265,0
DA:271,1
DA:274,1
DA:276,1
DA:288,1
DA:294,1
DA:295,1
DA:296,1
DA:310,107
DA:315,107
DA:320,107
DA:322,107
DA:325,7
DA:327,7
DA:331,7
DA:332,7
DA:333,7
DA:336,7
DA:338,100
DA:340,100
DA:344,100
DA:345,100
DA:346,100
DA:349,100
DA:353,107
DA:355,0
DA:359,107
DA:361,107
LF:126
LH:103
end_of_record
TN:
SF:/home/atcsol/git/obdh_proy_26_fernando_giron/DJF/FTs/ft_asw_uah_mars_drone_freertos/asw/components/cchk_fdirmng/src/CCHK_FDIRMngS.cpp
FN:114,128,_ZN12CCHK_FDIRMng13CEDROOMMemory9SetMemoryEjP14CEDROOMMessagePbjPN12CEDROOMQueue10CQueueNodeES3_
FN:13,38,_ZN12CCHK_FDIRMngC2Ejj15TEDROOMPriorityjPNS_13CEDROOMMemoryE
FN:49,54,_ZN12CCHK_FDIRMng12EDROOMConfigEv
FN:60,73,_ZN12CCHK_FDIRMng11EDROOMStartEv
FN:85,91,_ZN12CCHK_FDIRMng15EDROOMBehaviourEv
FNDA:1,_ZN12CCHK_FDIRMng13CEDROOMMemory9SetMemoryEjP14CEDROOMMessagePbjPN12CEDROOMQueue10CQueueNodeES3_
FNDA:1,_ZN12CCHK_FDIRMngC2Ejj15TEDROOMPriorityjPNS_13CEDROOMMemoryE
FNDA:0,_ZN12CCHK_FDIRMng12EDROOMConfigEv
FNDA:1,_ZN12CCHK_FDIRMng11EDROOMStartEv
FNDA:1,_ZN12CCHK_FDIRMng15EDROOMBehaviourEv
FNF:5
FNH:4
DA:13,1
DA:17,1
DA:24,1
DA:28,1
DA:32,2
DA:38,1
DA:49,0
DA:53,0
DA:60,1
DA:66,1
DA:70,1
DA:72,1
DA:85,1
DA:88,1
DA:89,1
DA:91,0
DA:114,1
DA:122,1
DA:123,1
DA:125,1
DA:128,1
LF:21
LH:18
end_of_record
TN:
SF:/home/atcsol/git/obdh_proy_26_fernando_giron/DJF/FTs/ft_asw_uah_mars_drone_freertos/asw/components/cctcmanager/include/public/cctcmanager_iface_v1.h
FN:148,148,_ZN11CCTCManager33CEDROOMPOOLIRQ18CDTCMemDescriptorC2Ev
FN:150,150,_ZN11CCTCManager33CEDROOMPOOLIRQ18CDTCMemDescriptor9AllocDataEv
FN:317,318,_ZN11CCTCManager16EDROOM_CTX_Top_016EDROOMNewMessageEv
FNDA:1,_ZN11CCTCManager33CEDROOMPOOLIRQ18CDTCMemDescriptorC2Ev
FNDA:15,_ZN11CCTCManager33CEDROOMPOOLIRQ18CDTCMemDescriptor9AllocDataEv
FNDA:16,_ZN11CCTCManager16EDROOM_CTX_Top_016EDROOMNewMessageEv
FNF:3
FNH:3
DA:148,1
DA:150,15
DA:317,16
DA:318,16
LF:4
LH:4
end_of_record
TN:
SF:/home/atcsol/git/obdh_proy_26_fernando_giron/DJF/FTs/ft_asw_uah_mars_drone_freertos/asw/components/cctcmanager/src/CCTCManagerB.cpp
FN:114,125,_ZN11CCTCManager16EDROOM_CTX_Top_011FFwdDroneTCEv
FN:129,140,_ZN11CCTCManager16EDROOM_CTX_Top_013FFwdHK_FDIRTCEv
FN:13,33,_ZN11CCTCManager16EDROOM_CTX_Top_0C2ERS_R16CDTCAcceptReportR11CDTCHandlerR12CDTCExecCtrlRNS0_22CEDROOMPOOLCDTCHandlerERNS0_24CEDROOMPOOLCDDroneConfigE
FN:144,156,_ZN11CCTCManager16EDROOM_CTX_Top_012FGetEvActionEv
FN:160,172,_ZN11CCTCManager16EDROOM_CTX_Top_06FGetTCEv
FN:176,188,_ZN11CCTCManager16EDROOM_CTX_Top_05FInitEv
FN:192,200,_ZN11CCTCManager16EDROOM_CTX_Top_017FMngTCAcceptationEv
FN:204,213,_ZN11CCTCManager16EDROOM_CTX_Top_015FMngTCRejectionEv
FN:217,223,_ZN11CCTCManager16EDROOM_CTX_Top_07FRebootEv
FN:227,233,_ZN11CCTCManager16EDROOM_CTX_Top_011FTCExecCtrlEv
FN:237,243,_ZN11CCTCManager16EDROOM_CTX_Top_09GAcceptTCEv
FN:247,254,_ZN11CCTCManager16EDROOM_CTX_Top_09GFwdBKGTCEv
FN:258,264,_ZN11CCTCManager16EDROOM_CTX_Top_011GFwdDroneTCEv
FN:268,274,_ZN11CCTCManager16EDROOM_CTX_Top_013GFwdToHK_FDIREv
FN:278,284,_ZN11CCTCManager16EDROOM_CTX_Top_09GToRebootEv
FN:298,302,_ZN11CCTCManager18EDROOM_CTX_Ready_1C2ERNS_16EDROOM_CTX_Top_0E
FN:304,309,_ZN11CCTCManager18EDROOM_CTX_Ready_1C2ERS0_
FN:313,366,_ZN11CCTCManager18EDROOM_CTX_Ready_124EDROOMSearchContextTransER14TEDROOMTransId
FN:35,51,_ZN11CCTCManager16EDROOM_CTX_Top_0C2ERS0_
FN:370,384,_ZN11CCTCManager18EDROOM_CTX_Ready_117FInvokeDroneSetUpEv
FN:392,397,_ZN11CCTCManager16EDROOM_CTX_Top_022CEDROOMPOOLCDTCHandlerC2EjP11CDTCHandlerPb
FN:399,402,_ZN11CCTCManager16EDROOM_CTX_Top_022CEDROOMPOOLCDTCHandler9AllocDataEv
FN:406,411,_ZN11CCTCManager16EDROOM_CTX_Top_024CEDROOMPOOLCDDroneConfigC2EjP13CDDroneConfigPb
FN:413,416,_ZN11CCTCManager16EDROOM_CTX_Top_024CEDROOMPOOLCDDroneConfig9AllocDataEv
FN:430,447,_ZN11CCTCManager16EDROOM_SUB_Top_0C2ERS_PNS_13CEDROOMMemoryE
FN:451,624,_ZN11CCTCManager16EDROOM_SUB_Top_015EDROOMBehaviourEv
FN:55,75,_ZN11CCTCManager16EDROOM_CTX_Top_024EDROOMSearchContextTransER14TEDROOMTransId
FN:630,636,_ZN11CCTCManager16EDROOM_SUB_Top_010EDROOMInitEv
FN:648,658,_ZN11CCTCManager16EDROOM_SUB_Top_014EDROOMIArrivalEv
FN:670,680,_ZN11CCTCManager16EDROOM_SUB_Top_020EDROOMValidTCArrivalEv
FN:692,714,_ZN11CCTCManager16EDROOM_SUB_Top_019EDROOMRebootArrivalEv
FN:728,734,_ZN11CCTCManager18EDROOM_SUB_Ready_1C2ENS_16EDROOM_CTX_Top_014TEDROOMStateIDERS1_
FN:738,812,_ZN11CCTCManager18EDROOM_SUB_Ready_17ArrivalENS_16EDROOM_CTX_Top_019TEDROOMTransitionIDE
FN:79,85,_ZN11CCTCManager16EDROOM_CTX_Top_011FExecPrioTCEv
FN:818,821,_ZN11CCTCManager18EDROOM_SUB_Ready_110EDROOMInitEv
FN:833,855,_ZN11CCTCManager18EDROOM_SUB_Ready_120EDROOMStandByArrivalEv
FN:89,95,_ZN11CCTCManager16EDROOM_CTX_Top_013FExecRebootTCEv
FN:99,110,_ZN11CCTCManager16EDROOM_CTX_Top_09FFwdBKGTCEv
FNDA:0,_ZN11CCTCManager16EDROOM_CTX_Top_011FFwdDroneTCEv
FNDA:7,_ZN11CCTCManager16EDROOM_CTX_Top_013FFwdHK_FDIRTCEv
FNDA:1,_ZN11CCTCManager16EDROOM_CTX_Top_0C2ERS_R16CDTCAcceptReportR11CDTCHandlerR12CDTCExecCtrlRNS0_22CEDROOMPOOLCDTCHandlerERNS0_24CEDROOMPOOLCDDroneConfigE
FNDA:1,_ZN11CCTCManager16EDROOM_CTX_Top_012FGetEvActionEv
FNDA:15,_ZN11CCTCManager16EDROOM_CTX_Top_06FGetTCEv
FNDA:2,_ZN11CCTCManager16EDROOM_CTX_Top_05FInitEv
FNDA:14,_ZN11CCTCManager16EDROOM_CTX_Top_017FMngTCAcceptationEv
FNDA:1,_ZN11CCTCManager16EDROOM_CTX_Top_015FMngTCRejectionEv
FNDA:1,_ZN11CCTCManager16EDROOM_CTX_Top_07FRebootEv
FNDA:15,_ZN11CCTCManager16EDROOM_CTX_Top_011FTCExecCtrlEv
FNDA:15,_ZN11CCTCManager16EDROOM_CTX_Top_09GAcceptTCEv
FNDA:7,_ZN11CCTCManager16EDROOM_CTX_Top_09GFwdBKGTCEv
FNDA:3,_ZN11CCTCManager16EDROOM_CTX_Top_011GFwdDroneTCEv
FNDA:14,_ZN11CCTCManager16EDROOM_CTX_Top_013GFwdToHK_FDIREv
FNDA:15,_ZN11CCTCManager16EDROOM_CTX_Top_09GToRebootEv
FNDA:1,_ZN11CCTCManager18EDROOM_CTX_Ready_1C2ERNS_16EDROOM_CTX_Top_0E
FNDA:0,_ZN11CCTCManager18EDROOM_CTX_Ready_1C2ERS0_
FNDA:16,_ZN11CCTCManager18EDROOM_CTX_Ready_124EDROOMSearchContextTransER14TEDROOMTransId
FNDA:1,_ZN11CCTCManager16EDROOM_CTX_Top_0C2ERS0_
FNDA:1,_ZN11CCTCManager18EDROOM_CTX_Ready_117FInvokeDroneSetUpEv
FNDA:1,_ZN11CCTCManager16EDROOM_CTX_Top_022CEDROOMPOOLCDTCHandlerC2EjP11CDTCHandlerPb
FNDA:11,_ZN11CCTCManager16EDROOM_CTX_Top_022CEDROOMPOOLCDTCHandler9AllocDataEv
FNDA:1,_ZN11CCTCManager16EDROOM_CTX_Top_024CEDROOMPOOLCDDroneConfigC2EjP13CDDroneConfigPb
FNDA:1,_ZN11CCTCManager16EDROOM_CTX_Top_024CEDROOMPOOLCDDroneConfig9AllocDataEv
FNDA:1,_ZN11CCTCManager16EDROOM_SUB_Top_0C2ERS_PNS_13CEDROOMMemoryE
FNDA:1,_ZN11CCTCManager16EDROOM_SUB_Top_015EDROOMBehaviourEv
FNDA:0,_ZN11CCTCManager16EDROOM_CTX_Top_024EDROOMSearchContextTransER14TEDROOMTransId
FNDA:1,_ZN11CCTCManager16EDROOM_SUB_Top_010EDROOMInitEv
FNDA:1,_ZN11CCTCManager16EDROOM_SUB_Top_014EDROOMIArrivalEv
FNDA:15,_ZN11CCTCManager16EDROOM_SUB_Top_020EDROOMValidTCArrivalEv
FNDA:0,_ZN11CCTCManager16EDROOM_SUB_Top_019EDROOMRebootArrivalEv
FNDA:1,_ZN11CCTCManager18EDROOM_SUB_Ready_1C2ENS_16EDROOM_CTX_Top_014TEDROOMStateIDERS1_
FNDA:16,_ZN11CCTCManager18EDROOM_SUB_Ready_17ArrivalENS_16EDROOM_CTX_Top_019TEDROOMTransitionIDE
FNDA:3,_ZN11CCTCManager16EDROOM_CTX_Top_011FExecPrioTCEv
FNDA:1,_ZN11CCTCManager18EDROOM_SUB_Ready_110EDROOMInitEv
FNDA:16,_ZN11CCTCManager18EDROOM_SUB_Ready_120EDROOMStandByArrivalEv
FNDA:1,_ZN11CCTCManager16EDROOM_CTX_Top_013FExecRebootTCEv
FNDA:4,_ZN11CCTCManager16EDROOM_CTX_Top_09FFwdBKGTCEv
FNF:38
FNH:34
DA:13,1
DA:18,1
DA:20,1
DA:21,1
DA:22,1
DA:23,1
DA:24,1
DA:25,1
DA:26,1
DA:27,1
DA:28,1
DA:29,1
DA:30,1
DA:31,1
DA:33,1
DA:35,1
DA:37,1
DA:38,1
DA:39,1
DA:40,1
DA:41,1
DA:42,1
DA:43,1
DA:44,1
DA:45,1
DA:46,1
DA:47,1
DA:48,1
DA:51,1
DA:55,0
DA:59,0
DA:61,0
DA:64,0
DA:66,0
DA:67,0
DA:68,0
DA:69,0
DA:73,0
DA:79,3
DA:83,3
DA:85,3
DA:89,1
DA:93,1
DA:95,1
DA:99,4
DA:103,4
DA:107,4
DA:109,4
DA:110,4
DA:114,0
DA:118,0
DA:122,0
DA:124,0
DA:125,0
DA:129,7
DA:133,7
DA:137,7
DA:139,7
DA:140,7
DA:144,1
DA:148,1
DA:151,1
DA:156,1
DA:160,15
DA:164,15
DA:167,15
DA:170,15
DA:172,15
DA:176,2
DA:180,2
DA:182,2
DA:184,2
DA:186,2
DA:188,2
DA:192,14
DA:197,14
DA:200,14
DA:204,1
DA:210,1
DA:213,1
DA:217,1
DA:221,1
DA:223,0
DA:227,15
DA:231,15
DA:233,15
DA:237,15
DA:241,15
DA:247,7
DA:251,7
DA:258,3
DA:262,3
DA:268,14
DA:272,14
DA:278,15
DA:282,15
DA:298,1
DA:299,1
DA:302,1
DA:304,0
DA:305,0
DA:306,0
DA:309,0
DA:313,16
DA:317,16
DA:319,16
DA:324,15
DA:326,15
DA:329,15
DA:330,15
DA:331,15
DA:334,15
DA:338,1
DA:340,1
DA:343,1
DA:344,1
DA:345,1
DA:348,1
DA:352,16
DA:356,0
DA:357,0
DA:359,0
DA:364,16
DA:370,1
DA:374,1
DA:377,1
DA:378,1
DA:379,1
DA:380,1
DA:382,2
DA:383,1
DA:384,1
DA:392,1
DA:393,1
DA:395,1
DA:397,1
DA:399,11
DA:401,11
DA:406,1
DA:407,1
DA:409,1
DA:411,1
DA:413,1
DA:415,1
DA:430,1
DA:431,1
DA:433,1
DA:434,1
DA:435,1
DA:436,1
DA:437,1
DA:438,1
DA:439,1
DA:440,1
DA:441,1
DA:442,1
DA:443,1
DA:444,3
DA:447,1
DA:451,1
DA:458,1
DA:465,32
DA:469,1
DA:471,1
DA:473,1
DA:474,1
DA:476,15
DA:479,15
DA:481,15
DA:484,14
DA:487,14
DA:491,14
DA:497,1
DA:500,1
DA:504,1
DA:506,15
DA:508,1
DA:510,1
DA:512,1
DA:513,1
DA:515,15
DA:518,15
DA:520,15
DA:523,1
DA:526,1
DA:530,1
DA:533,14
DA:536,7
DA:539,7
DA:543,7
DA:546,7
DA:549,4
DA:552,4
DA:556,4
DA:559,3
DA:562,0
DA:565,0
DA:569,0
DA:575,3
DA:578,3
DA:582,3
DA:584,15
DA:588,32
DA:592,0
DA:594,0
DA:595,0
DA:598,16
DA:600,16
DA:601,16
DA:602,16
DA:605,1
DA:607,1
DA:609,0
DA:610,0
DA:613,15
DA:615,15
DA:616,15
DA:620,31
DA:622,31
DA:624,0
DA:630,1
DA:633,1
DA:634,1
DA:636,1
DA:648,1
DA:654,1
DA:655,1
DA:656,1
DA:670,15
DA:676,15
DA:677,15
DA:678,15
DA:692,0
DA:697,0
DA:702,0
DA:704,0
DA:706,0
DA:710,0
DA:712,0
DA:728,1
DA:730,1
DA:731,1
DA:733,1
DA:734,1
DA:738,16
DA:745,16
DA:748,1
DA:750,1
DA:751,1
DA:752,1
DA:753,3
DA:755,3
DA:756,3
DA:757,3
DA:758,7
DA:760,7
DA:761,7
DA:762,7
DA:763,4
DA:765,4
DA:766,4
DA:767,4
DA:768,0
DA:770,0
DA:771,0
DA:772,0
DA:774,1
DA:775,1
DA:776,1
DA:778,1
DA:780,1
DA:781,1
DA:782,0
DA:784,0
DA:785,0
DA:786,0
DA:787,0
DA:789,0
DA:790,0
DA:791,0
DA:795,16
DA:799,16
DA:801,16
DA:802,16
DA:806,16
DA:808,16
DA:810,16
DA:818,1
DA:821,1
DA:833,16
DA:838,16
DA:843,16
DA:845,16
DA:847,16
DA:851,16
DA:853,16
LF:296
LH:246
end_of_record
TN:
SF:/home/atcsol/git/obdh_proy_26_fernando_giron/DJF/FTs/ft_asw_uah_mars_drone_freertos/asw/components/cctcmanager/src/CCTCManagerS.cpp
FN:126,147,_ZN11CCTCManagerC2Ejj15TEDROOMPriorityjPNS_13CEDROOMMemoryE
FN:158,163,_ZN11CCTCManager12EDROOMConfigEv
FN:169,178,_ZN11CCTCManager11EDROOMStartEv
FN:190,200,_ZN11CCTCManager15EDROOMBehaviourEv
FN:223,235,_ZN11CCTCManager13CEDROOMMemory9SetMemoryEjP14CEDROOMMessagePbjPN12CEDROOMQueue10CQueueNodeES3_
FN:25,41,_ZN11CCTCManager33EDROOMIRQ18HandlerTopHalfFunctionEv
FN:47,51,_ZN11CCTCManager18EDROOMIRQ18HandlerEv
FN:57,59,_ZN11CCTCManager22EDROOMIRQ18IdleHandlerEv
FN:65,106,_ZN11CCTCManager25EDROOMIRQ18BottomHalfTaskEv
FNDA:1,_ZN11CCTCManagerC2Ejj15TEDROOMPriorityjPNS_13CEDROOMMemoryE
FNDA:0,_ZN11CCTCManager12EDROOMConfigEv
FNDA:1,_ZN11CCTCManager11EDROOMStartEv
FNDA:1,_ZN11CCTCManager15EDROOMBehaviourEv
FNDA:1,_ZN11CCTCManager13CEDROOMMemory9SetMemoryEjP14CEDROOMMessagePbjPN12CEDROOMQueue10CQueueNodeES3_
FNDA:0,_ZN11CCTCManager33EDROOMIRQ18HandlerTopHalfFunctionEv
FNDA:0,_ZN11CCTCManager18EDROOMIRQ18HandlerEv
FNDA:0,_ZN11CCTCManager22EDROOMIRQ18IdleHandlerEv
FNDA:1,_ZN11CCTCManager25EDROOMIRQ18BottomHalfTaskEv
FNF:9
FNH:5
DA:25,0
DA:27,0
DA:38,0
DA:39,0
DA:41,0
DA:47,0
DA:49,0
DA:51,0
DA:57,0
DA:59,0
DA:65,1
DA:67,1
DA:72,16
DA:74,15
DA:76,15
DA:80,15
DA:84,15
DA:88,15
DA:90,15
DA:93,15
DA:95,15
DA:97,15
DA:100,15
DA:102,0
DA:104,15
DA:106,0
DA:126,1
DA:130,1
DA:137,1
DA:141,1
DA:147,1
DA:158,0
DA:162,0
DA:169,1
DA:175,1
DA:177,1
DA:190,1
DA:193,1
DA:194,1
DA:199,0
DA:200,0
DA:223,1
DA:231,1
DA:232,1
DA:235,1
LF:45
LH:29
end_of_record
TN:
SF:/home/atcsol/git/obdh_proy_26_fernando_giron/DJF/FTs/ft_asw_uah_mars_drone_freertos/asw/components/uah_asw/include/public/uah_asw_iface_v1.h
FN:220,221,_ZN7UAH_ASW16EDROOM_CTX_Top_016EDROOMNewMessageEv
FNDA:100,_ZN7UAH_ASW16EDROOM_CTX_Top_016EDROOMNewMessageEv
FNF:1
FNH:1
DA:220,100
DA:221,100
LF:2
LH:2
end_of_record
TN:
SF:/home/atcsol/git/obdh_proy_26_fernando_giron/DJF/FTs/ft_asw_uah_mars_drone_freertos/asw/components/uah_asw/src/UAH_ASWB.cpp
FN:128,133,_ZN7UAH_ASW16EDROOM_SUB_Top_0C2ERS_
FN:13,22,_ZN7UAH_ASW16EDROOM_CTX_Top_0C2ERS_R7Pr_Time
FN:137,194,_ZN7UAH_ASW16EDROOM_SUB_Top_015EDROOMBehaviourEv
FN:200,205,_ZN7UAH_ASW16EDROOM_SUB_Top_010EDROOMInitEv
FN:217,227,_ZN7UAH_ASW16EDROOM_SUB_Top_014EDROOMIArrivalEv
FN:239,279,_ZN7UAH_ASW16EDROOM_SUB_Top_018EDROOMReadyArrivalEv
FN:24,33,_ZN7UAH_ASW16EDROOM_CTX_Top_0C2ERS0_
FN:37,57,_ZN7UAH_ASW16EDROOM_CTX_Top_024EDROOMSearchContextTransER14TEDROOMTransId
FN:61,80,_ZN7UAH_ASW16EDROOM_CTX_Top_08FEmuInitEv
FN:84,91,_ZN7UAH_ASW16EDROOM_CTX_Top_014FEmuRxTimeCodeEv
FN:95,110,_ZN7UAH_ASW16EDROOM_CTX_Top_010FProgTimerEv
FNDA:1,_ZN7UAH_ASW16EDROOM_SUB_Top_0C2ERS_
FNDA:1,_ZN7UAH_ASW16EDROOM_CTX_Top_0C2ERS_R7Pr_Time
FNDA:1,_ZN7UAH_ASW16EDROOM_SUB_Top_015EDROOMBehaviourEv
FNDA:1,_ZN7UAH_ASW16EDROOM_SUB_Top_010EDROOMInitEv
FNDA:1,_ZN7UAH_ASW16EDROOM_SUB_Top_014EDROOMIArrivalEv
FNDA:100,_ZN7UAH_ASW16EDROOM_SUB_Top_018EDROOMReadyArrivalEv
FNDA:0,_ZN7UAH_ASW16EDROOM_CTX_Top_0C2ERS0_
FNDA:0,_ZN7UAH_ASW16EDROOM_CTX_Top_024EDROOMSearchContextTransER14TEDROOMTransId
FNDA:1,_ZN7UAH_ASW16EDROOM_CTX_Top_08FEmuInitEv
FNDA:100,_ZN7UAH_ASW16EDROOM_CTX_Top_014FEmuRxTimeCodeEv
FNDA:100,_ZN7UAH_ASW16EDROOM_CTX_Top_010FProgTimerEv
FNF:11
FNH:9
DA:13,1
DA:14,1
DA:16,1
DA:17,1
DA:18,1
DA:19,1
DA:20,1
DA:22,1
DA:24,0
DA:26,0
DA:27,0
DA:28,0
DA:29,0
DA:30,0
DA:33,0
DA:37,0
DA:41,0
DA:43,0
DA:46,0
DA:48,0
DA:49,0
DA:50,0
DA:51,0
DA:55,0
DA:61,1
DA:65,1
DA:70,1
DA:72,1
DA:74,1
DA:75,1
DA:77,1
DA:79,1
DA:80,1
DA:84,100
DA:89,100
DA:91,99
DA:95,100
DA:99,100
DA:105,100
DA:107,100
DA:109,100
DA:110,100
DA:128,1
DA:130,1
DA:133,1
DA:137,1
DA:144,1
DA:151,101
DA:155,1
DA:157,1
DA:159,1
DA:160,1
DA:162,100
DA:164,100
DA:166,99
DA:167,99
DA:171,100
DA:175,0
DA:177,0
DA:178,0
DA:181,100
DA:183,100
DA:185,100
DA:186,100
DA:190,100
DA:192,100
DA:194,0
DA:200,1
DA:203,1
DA:205,1
DA:217,1
DA:223,1
DA:224,1
DA:225,1
DA:239,100
DA:244,100
DA:249,100
DA:251,100
DA:254,100
DA:256,100
DA:260,100
DA:261,100
DA:262,100
DA:265,100
DA:269,100
DA:271,0
DA:275,100
DA:277,100
LF:88
LH:67
end_of_record
TN:
SF:/home/atcsol/git/obdh_proy_26_fernando_giron/DJF/FTs/ft_asw_uah_mars_drone_freertos/asw/components/uah_asw/src/UAH_ASWS.cpp
FN:114,128,_ZN7UAH_ASW13CEDROOMMemory9SetMemoryEjP14CEDROOMMessagePbjPN12CEDROOMQueue10CQueueNodeES3_
FN:13,38,_ZN7UAH_ASWC2Ejj15TEDROOMPriorityjPNS_13CEDROOMMemoryE
FN:49,54,_ZN7UAH_ASW12EDROOMConfigEv
FN:60,73,_ZN7UAH_ASW11EDROOMStartEv
FN:85,91,_ZN7UAH_ASW15EDROOMBehaviourEv
FNDA:1,_ZN7UAH_ASW13CEDROOMMemory9SetMemoryEjP14CEDROOMMessagePbjPN12CEDROOMQueue10CQueueNodeES3_
FNDA:1,_ZN7UAH_ASWC2Ejj15TEDROOMPriorityjPNS_13CEDROOMMemoryE
FNDA:0,_ZN7UAH_ASW12EDROOMConfigEv
FNDA:1,_ZN7UAH_ASW11EDROOMStartEv
FNDA:1,_ZN7UAH_ASW15EDROOMBehaviourEv
FNF:5
FNH:4
DA:13,1
DA:17,1
DA:24,1
DA:28,1
DA:32,2
DA:38,1
DA:49,0
DA:53,0
DA:60,1
DA:66,1
DA:70,1
DA:72,1
DA:85,1
DA:88,1
DA:89,1
DA:91,0
DA:114,1
DA:122,1
DA:123,1
DA:125,1
DA:128,1
LF:21
LH:18
end_of_record
TN:
SF:/home/atcsol/git/obdh_proy_26_fernando_giron/DJF/FTs/ft_asw_uah_mars_drone_freertos/asw/dataclasses/CDEvAction/include/public/cdevaction.h
FN:18,21,_ZN10CDEvAction18GetActionTCHandlerEv
FN:35,38,_ZN10CDEvActionC2Ev
FNDA:1,_ZN10CDEvAction18GetActionTCHandlerEv
FNDA:11,_ZN10CDEvActionC2Ev
FNF:2
FNH:2
DA:18,1
DA:20,1
DA:35,11
DA:36,11
DA:37,11
DA:38,11
LF:6
LH:6
end_of_record
TN:
SF:/home/atcsol/git/obdh_proy_26_fernando_giron/DJF/FTs/ft_asw_uah_mars_drone_freertos/asw/dataclasses/CDEvAction/src/cdevaction.cpp
FN:11,21,_ZN10CDEvAction24ExtractEvActionFromQueueEv
FNDA:1,_ZN10CDEvAction24ExtractEvActionFromQueueEv
FNF:1
FNH:1
DA:11,1
DA:13,1
DA:15,1
DA:17,1
DA:21,1
LF:5
LH:5
end_of_record
TN:
SF:/home/atcsol/git/obdh_proy_26_fernando_giron/DJF/FTs/ft_asw_uah_mars_drone_freertos/asw/dataclasses/CDTCAcceptReport/include/public/cdtcacceptreport.h
FN:16,18,_ZN16CDTCAcceptReportC2Ev
FN:21,24,_ZN16CDTCAcceptReport10IsAcceptedEv
FNDA:16,_ZN16CDTCAcceptReportC2Ev
FNDA:15,_ZN16CDTCAcceptReport10IsAcceptedEv
FNF:2
FNH:2
DA:16,16
DA:17,16
DA:18,16
DA:21,15
DA:22,15
LF:5
LH:5
end_of_record
TN:
SF:/home/atcsol/git/obdh_proy_26_fernando_giron/DJF/FTs/ft_asw_uah_mars_drone_freertos/asw/dataclasses/CDTCExecCtrl/include/public/cdtcexecctrl.h
FN:25,25,_ZN12CDTCExecCtrl10IsRebootTCEv
FN:42,42,_ZN12CDTCExecCtrl11IsHK_FDIRTCEv
FN:51,51,_ZN12CDTCExecCtrl7IsBKGTCEv
FN:61,61,_ZN12CDTCExecCtrl9IsDroneTCEv
FNDA:15,_ZN12CDTCExecCtrl10IsRebootTCEv
FNDA:14,_ZN12CDTCExecCtrl11IsHK_FDIRTCEv
FNDA:7,_ZN12CDTCExecCtrl7IsBKGTCEv
FNDA:3,_ZN12CDTCExecCtrl9IsDroneTCEv
FNF:4
FNH:4
DA:25,15
DA:42,14
DA:51,7
DA:61,3
LF:4
LH:4
end_of_record
TN:
SF:/home/atcsol/git/obdh_proy_26_fernando_giron/DJF/FTs/ft_asw_uah_mars_drone_freertos/asw/dataclasses/CDTCHandler/src/cdtchandler.cpp
FN:106,132,_ZN11CDTCHandler10ExecPrioTCEv
FN:134,160,_ZN11CDTCHandler12ExecRebootTCEv
FN:162,198,_ZN11CDTCHandler13ExecHK_FDIRTCEv
FN:17,22,_ZN11CDTCHandlerC2Ev
FN:200,227,_ZN11CDTCHandler9ExecBKGTCEv
FN:229,254,_ZN11CDTCHandler11ExecDroneTCEv
FN:24,28,_ZN11CDTCHandler19BuildFromDescriptorER17CDTCMemDescriptor
FN:30,36,_ZN11CDTCHandler13DoAcceptationEv
FN:38,43,_ZN11CDTCHandler14MngTCRejectionER16CDTCAcceptReport
FN:46,50,_ZN11CDTCHandler16MngTCAcceptationEv
FN:56,101,_ZN11CDTCHandler11GetExecCtrlEv
FNDA:3,_ZN11CDTCHandler10ExecPrioTCEv
FNDA:1,_ZN11CDTCHandler12ExecRebootTCEv
FNDA:7,_ZN11CDTCHandler13ExecHK_FDIRTCEv
FNDA:23,_ZN11CDTCHandlerC2Ev
FNDA:4,_ZN11CDTCHandler9ExecBKGTCEv
FNDA:0,_ZN11CDTCHandler11ExecDroneTCEv
FNDA:15,_ZN11CDTCHandler19BuildFromDescriptorER17CDTCMemDescriptor
FNDA:15,_ZN11CDTCHandler13DoAcceptationEv
FNDA:1,_ZN11CDTCHandler14MngTCRejectionER16CDTCAcceptReport
FNDA:14,_ZN11CDTCHandler16MngTCAcceptationEv
FNDA:15,_ZN11CDTCHandler11GetExecCtrlEv
FNF:11
FNH:10
DA:17,23
DA:19,23
DA:20,23
DA:22,23
DA:24,15
DA:26,15
DA:28,15
DA:30,15
DA:32,15
DA:33,15
DA:35,15
DA:38,1
DA:40,1
DA:42,1
DA:43,1
DA:46,14
DA:48,14
DA:50,14
DA:56,15
DA:59,15
DA:62,15
DA:64,7
DA:69,7
DA:70,7
DA:72,0
DA:74,0
DA:75,0
DA:78,3
DA:80,3
DA:81,3
DA:84,1
DA:85,1
DA:86,1
DA:88,4
DA:89,4
DA:90,4
DA:93,0
DA:95,0
DA:96,0
DA:100,15
DA:106,3
DA:109,3
DA:111,3
DA:114,3
DA:116,3
DA:118,2
DA:119,2
DA:120,2
DA:122,1
DA:124,1
DA:125,1
DA:129,3
DA:132,3
DA:134,1
DA:137,1
DA:139,1
DA:142,1
DA:144,1
DA:146,1
DA:147,1
DA:148,1
DA:150,0
DA:152,0
DA:153,0
DA:157,1
DA:160,1
DA:162,7
DA:165,7
DA:167,7
DA:170,7
DA:172,7
DA:174,3
DA:175,3
DA:176,3
DA:178,0
DA:179,0
DA:180,0
DA:181,2
DA:182,2
DA:183,2
DA:184,2
DA:185,2
DA:186,2
DA:188,0
DA:190,0
DA:191,0
DA:195,7
DA:198,7
DA:200,4
DA:203,4
DA:205,4
DA:208,4
DA:210,4
DA:212,4
DA:213,4
DA:214,4
DA:217,0
DA:219,0
DA:220,0
DA:224,4
DA:227,4
DA:229,0
DA:232,0
DA:234,0
DA:237,0
DA:239,0
DA:240,0
DA:241,0
DA:242,0
DA:244,0
DA:246,0
DA:247,0
DA:251,0
DA:254,0
LF:114
LH:83
end_of_record
TN:
SF:/home/atcsol/git/obdh_proy_26_fernando_giron/DJF/FTs/ft_asw_uah_mars_drone_freertos/asw/dataclasses/CDTCMemDescriptor/src/cdtcmemdescriptor.cpp
FN:12,16,_ZN17CDTCMemDescriptor9HandleIRQEv
FNDA:0,_ZN17CDTCMemDescriptor9HandleIRQEv
FNF:1
FNH:0
DA:12,0
DA:14,0
LF:2
LH:0
end_of_record
TN:
SF:/home/atcsol/git/obdh_proy_26_fernando_giron/DJF/FTs/ft_asw_uah_mars_drone_freertos/asw/edroom_glue/include/edroom_glue/edroomdeployment.h
FN:164,164,_ZN23CEDROOMSystemDeployment14GetComp1MemoryEv
FN:165,165,_ZN23CEDROOMSystemDeployment14GetComp2MemoryEv
FN:166,166,_ZN23CEDROOMSystemDeployment14GetComp3MemoryEv
FN:167,167,_ZN23CEDROOMSystemDeployment14GetComp4MemoryEv
FN:168,168,_ZN23CEDROOMSystemDeployment14GetComp5MemoryEv
FNDA:1,_ZN23CEDROOMSystemDeployment14GetComp1MemoryEv
FNDA:1,_ZN23CEDROOMSystemDeployment14GetComp2MemoryEv
FNDA:1,_ZN23CEDROOMSystemDeployment14GetComp3MemoryEv
FNDA:1,_ZN23CEDROOMSystemDeployment14GetComp4MemoryEv
FNDA:1,_ZN23CEDROOMSystemDeployment14GetComp5MemoryEv
FNF:5
FNH:5
DA:164,1
DA:165,1
DA:166,1
DA:167,1
DA:168,1
LF:5
LH:5
end_of_record
TN:
SF:/home/atcsol/git/obdh_proy_26_fernando_giron/DJF/FTs/ft_asw_uah_mars_drone_freertos/asw/edroom_glue/src/edroomdeployment.cpp
FN:105,118,_ZN20CEDROOMSystemCommSAP50C2TCManager_PBKGExecCtrl__C4BKGTCExec_PBKGExecCtrlEi
FN:11,31,_Z8MainWaitR7UAH_ASWR11CCTCManagerR12CCHK_FDIRMngR11CCBKGTCExecR10CCDroneMng
FN:120,131,_ZN20CEDROOMSystemCommSAP50C4BKGTCExec_PBKGExecCtrl__C2TCManager_PBKGExecCtrlEi
FN:133,146,_ZN20CEDROOMSystemCommSAP51C3HK_FDIRMng_PHK_FDIRCtrl__C2TCManager_PHK_FDIRCtrlEi
FN:148,161,_ZN20CEDROOMSystemCommSAP51C2TCManager_PHK_FDIRCtrl__C3HK_FDIRMng_PHK_FDIRCtrlEi
FN:168,190,_ZN20CEDROOMSystemCommSAP18RegisterInterfacesEv
FN:196,210,_ZN20CEDROOMSystemCommSAP19SetLocalConnectionsEv
FN:216,218,_ZN20CEDROOMSystemCommSAP20SetRemoteConnectionsEv
FN:223,228,_ZN20CEDROOMSystemCommSAP14SetConnectionsEv
FN:233,239,_ZN23CEDROOMSystemDeploymentC2Ev
FN:244,265,_ZN23CEDROOMSystemDeployment6ConfigEP7UAH_ASWP11CCTCManagerP12CCHK_FDIRMngP11CCBKGTCExecP10CCDroneMng
FN:270,277,_ZN23CEDROOMSystemDeployment15StartComponentsEv
FN:282,305,_ZN23CEDROOMSystemDeployment5StartEv
FN:316,325,_ZN23CEDROOMSystemDeployment9main_taskEv
FN:36,48,_ZN19CEDROOMSystemMemory9SetMemoryEv
FN:53,63,_ZN20CEDROOMSystemCommSAP13SetComponentsEP7UAH_ASWP11CCTCManagerP12CCHK_FDIRMngP11CCBKGTCExecP10CCDroneMng
FN:73,88,_ZN20CEDROOMSystemCommSAP51C2TCManager_PDroneMngCtrl__C5DroneMng_PDroneMngCtrlEi
FN:90,103,_ZN20CEDROOMSystemCommSAP51C5DroneMng_PDroneMngCtrl__C2TCManager_PDroneMngCtrlEi
FNDA:4,_ZN20CEDROOMSystemCommSAP50C2TCManager_PBKGExecCtrl__C4BKGTCExec_PBKGExecCtrlEi
FNDA:1,_Z8MainWaitR7UAH_ASWR11CCTCManagerR12CCHK_FDIRMngR11CCBKGTCExecR10CCDroneMng
FNDA:0,_ZN20CEDROOMSystemCommSAP50C4BKGTCExec_PBKGExecCtrl__C2TCManager_PBKGExecCtrlEi
FNDA:1,_ZN20CEDROOMSystemCommSAP51C3HK_FDIRMng_PHK_FDIRCtrl__C2TCManager_PHK_FDIRCtrlEi
FNDA:7,_ZN20CEDROOMSystemCommSAP51C2TCManager_PHK_FDIRCtrl__C3HK_FDIRMng_PHK_FDIRCtrlEi
FNDA:1,_ZN20CEDROOMSystemCommSAP18RegisterInterfacesEv
FNDA:1,_ZN20CEDROOMSystemCommSAP19SetLocalConnectionsEv
FNDA:1,_ZN20CEDROOMSystemCommSAP20SetRemoteConnectionsEv
FNDA:1,_ZN20CEDROOMSystemCommSAP14SetConnectionsEv
FNDA:1,_ZN23CEDROOMSystemDeploymentC2Ev
FNDA:1,_ZN23CEDROOMSystemDeployment6ConfigEP7UAH_ASWP11CCTCManagerP12CCHK_FDIRMngP11CCBKGTCExecP10CCDroneMng
FNDA:1,_ZN23CEDROOMSystemDeployment15StartComponentsEv
FNDA:1,_ZN23CEDROOMSystemDeployment5StartEv
FNDA:1,_ZN23CEDROOMSystemDeployment9main_taskEv
FNDA:1,_ZN19CEDROOMSystemMemory9SetMemoryEv
FNDA:1,_ZN20CEDROOMSystemCommSAP13SetComponentsEP7UAH_ASWP11CCTCManagerP12CCHK_FDIRMngP11CCBKGTCExecP10CCDroneMng
FNDA:1,_ZN20CEDROOMSystemCommSAP51C2TCManager_PDroneMngCtrl__C5DroneMng_PDroneMngCtrlEi
FNDA:1,_ZN20CEDROOMSystemCommSAP51C5DroneMng_PDroneMngCtrl__C2TCManager_PDroneMngCtrlEi
FNF:18
FNH:17
DA:11,1
DA:17,1
DA:30,34
DA:36,1
DA:38,1
DA:39,1
DA:40,1
DA:41,1
DA:42,1
DA:43,1
DA:44,1
DA:45,1
DA:46,1
DA:47,1
DA:48,1
DA:53,1
DA:58,1
DA:59,1
DA:60,1
DA:61,1
DA:62,1
DA:63,1
DA:73,1
DA:77,1
DA:79,1
DA:81,0
DA:83,0
DA:86,1
DA:90,1
DA:94,1
DA:96,1
DA:98,0
DA:101,1
DA:105,4
DA:109,4
DA:111,4
DA:113,0
DA:116,4
DA:120,0
DA:126,0
DA:129,0
DA:133,1
DA:137,1
DA:139,1
DA:141,0
DA:144,1
DA:148,7
DA:152,7
DA:154,7
DA:156,0
DA:159,7
DA:168,1
DA:171,1
DA:174,1
DA:175,1
DA:176,1
DA:177,1
DA:180,1
DA:181,1
DA:184,1
DA:187,1
DA:188,1
DA:190,1
DA:196,1
DA:198,1
DA:202,1
DA:206,1
DA:210,1
DA:216,1
DA:218,1
DA:223,1
DA:225,1
DA:226,1
DA:228,1
DA:233,1
DA:237,1
DA:239,1
DA:244,1
DA:250,1
DA:251,1
DA:252,1
DA:253,1
DA:254,1
DA:256,1
DA:262,1
DA:263,1
DA:265,1
DA:270,1
DA:271,1
DA:272,1
DA:273,1
DA:274,1
DA:275,1
DA:277,1
DA:282,1
DA:286,1
DA:288,1
DA:305,0
DA:316,1
DA:318,1
DA:319,1
DA:320,1
DA:321,1
DA:322,1
DA:323,1
DA:325,0
LF:106
LH:95
end_of_record
TN:
SF:/home/atcsol/git/obdh_proy_26_fernando_giron/DJF/FTs/ft_asw_uah_mars_drone_freertos/llsw/device_drv/src/emu_device_drv.c
FN:14,26,device_drv_on_off
FN:28,39,device_drv_is_on_off_address_valid
FNDA:0,device_drv_on_off
FNDA:0,device_drv_is_on_off_address_valid
FNF:2
FNH:0
DA:14,0
DA:16,0
DA:18,0
DA:19,0
DA:20,0
DA:21,0
DA:23,0
DA:25,0
DA:28,0
DA:30,0
DA:32,0
DA:33,0
DA:34,0
DA:35,0
DA:37,0
LF:15
LH:0
end_of_record
TN:
SF:/home/atcsol/git/obdh_proy_26_fernando_giron/DJF/FTs/ft_asw_uah_mars_drone_freertos/llsw/emu_adc_drv/src/emu_adc_drv.c
FN:62,69,get_noise
FN:71,85,sample_adc_channel
FN:88,96,sample_sys_data_pool_params
FN:98,120,init_adc_channel
FNDA:510,get_noise
FNDA:510,sample_adc_channel
FNDA:100,sample_sys_data_pool_params
FNDA:2,init_adc_channel
FNF:4
FNH:4
DA:62,510
DA:65,510
DA:68,510
DA:71,510
DA:73,510
DA:75,510
DA:77,510
DA:79,510
DA:83,510
DA:88,100
DA:90,600
DA:92,500
DA:96,100
DA:98,2
DA:100,12
DA:102,10
DA:106,16
DA:108,14
DA:112,2
DA:113,38
DA:115,36
DA:120,2
LF:22
LH:22
end_of_record
TN:
SF:/home/atcsol/git/obdh_proy_26_fernando_giron/DJF/FTs/ft_asw_uah_mars_drone_freertos/llsw/emu_display_drv/src/emu_display_drv.c
FN:13,19,display_drv_show_abort_msg
FN:21,25,display_drv_show_X_Y_Z
FNDA:0,display_drv_show_abort_msg
FNDA:1,display_drv_show_X_Y_Z
FNF:2
FNH:1
DA:13,0
DA:15,0
DA:16,0
DA:17,0
DA:19,0
DA:21,1
DA:25,1
LF:7
LH:2
end_of_record
TN:
SF:/home/atcsol/git/obdh_proy_26_fernando_giron/DJF/FTs/ft_asw_uah_mars_drone_freertos/llsw/emu_gss/include/emu_gss/emu_gss_tc_program.h
FN:48,48,_ZN16EmuGSS_TCProgram7GetTypeEv
FN:49,49,_ZN16EmuGSS_TCProgram10GetSubtypeEv
FN:50,50,_ZN16EmuGSS_TCProgram8GetBriefEv
FNDA:15,_ZN16EmuGSS_TCProgram7GetTypeEv
FNDA:15,_ZN16EmuGSS_TCProgram10GetSubtypeEv
FNDA:15,_ZN16EmuGSS_TCProgram8GetBriefEv
FNF:3
FNH:3
DA:48,15
DA:49,15
DA:50,15
LF:3
LH:3
end_of_record
TN:
SF:/home/atcsol/git/obdh_proy_26_fernando_giron/DJF/FTs/ft_asw_uah_mars_drone_freertos/llsw/emu_gss/src/emu_gss.cpp
FN:101,109,_Z17EmuGSS_PassSecondv
FN:111,115,_Z18EmuGSS_RxCurrentTCP17CDTCMemDescriptor
FN:117,153,_Z24EmuGSS_SendProgrammedTCsv
FN:38,93,_Z13EmuGSS_ShowTMPK17tm_mem_descriptor
FN:95,99,_Z22EmuGSS_PrintCurrentOBTv
FNDA:100,_Z17EmuGSS_PassSecondv
FNDA:0,_Z18EmuGSS_RxCurrentTCP17CDTCMemDescriptor
FNDA:100,_Z24EmuGSS_SendProgrammedTCsv
FNDA:58,_Z13EmuGSS_ShowTMPK17tm_mem_descriptor
FNDA:101,_Z22EmuGSS_PrintCurrentOBTv
FNF:5
FNH:4
DA:38,58
DA:42,58
DA:43,58
DA:45,58
DA:47,58
DA:50,43
DA:52,43
DA:53,43
DA:57,6
DA:58,6
DA:59,6
DA:63,0
DA:64,0
DA:65,0
DA:69,4
DA:70,4
DA:71,4
DA:75,2
DA:76,2
DA:77,2
DA:81,1
DA:82,1
DA:83,1
DA:87,2
DA:88,2
DA:91,58
DA:93,58
DA:95,101
DA:97,101
DA:99,101
DA:101,100
DA:105,100
DA:107,100
DA:109,99
DA:111,0
DA:115,0
DA:117,100
DA:119,100
DA:121,100
DA:122,115
DA:124,15
DA:125,15
DA:126,15
DA:128,15
DA:129,15
DA:134,15
DA:136,15
DA:138,15
DA:140,15
DA:142,15
DA:147,100
DA:149,15
DA:153,99
LF:53
LH:48
end_of_record
TN:
SF:/home/atcsol/git/obdh_proy_26_fernando_giron/DJF/FTs/ft_asw_uah_mars_drone_freertos/llsw/emu_gss/src/emu_gss_pus_service01.cpp
FN:105,214,_ZN17GSSServ1TMHandler10ShowTM_1_4Ev
FN:216,275,_ZN17GSSServ1TMHandler10ShowTM_1_8Ev
FN:33,38,_Z18EmuGSS_ShowServ1TMPK17tm_mem_descriptor
FN:40,43,_ZN17GSSServ1TMHandlerC2EPKh
FN:45,64,_ZN17GSSServ1TMHandler6ShowTMEv
FN:65,103,_ZN17GSSServ1TMHandler10ShowTM_1_2Ev
FNDA:1,_ZN17GSSServ1TMHandler10ShowTM_1_4Ev
FNDA:0,_ZN17GSSServ1TMHandler10ShowTM_1_8Ev
FNDA:43,_Z18EmuGSS_ShowServ1TMPK17tm_mem_descriptor
FNDA:43,_ZN17GSSServ1TMHandlerC2EPKh
FNDA:43,_ZN17GSSServ1TMHandler6ShowTMEv
FNDA:1,_ZN17GSSServ1TMHandler10ShowTM_1_2Ev
FNF:6
FNH:5
DA:33,43
DA:35,43
DA:36,43
DA:38,43
DA:40,43
DA:41,43
DA:43,43
DA:45,43
DA:48,43
DA:51,43
DA:53,43
DA:54,1
DA:55,1
DA:56,1
DA:57,1
DA:58,1
DA:59,1
DA:60,0
DA:61,0
DA:62,0
DA:64,43
DA:65,1
DA:67,1
DA:68,1
DA:69,0
DA:71,0
DA:72,0
DA:74,0
DA:76,0
DA:77,0
DA:79,0
DA:81,0
DA:82,0
DA:84,0
DA:86,0
DA:88,0
DA:90,1
DA:92,1
DA:94,1
DA:96,0
DA:97,0
DA:99,0
DA:103,1
DA:105,1
DA:107,1
DA:108,1
DA:109,0
DA:111,0
DA:112,0
DA:114,0
DA:116,0
DA:117,0
DA:119,0
DA:121,0
DA:123,0
DA:125,0
DA:127,0
DA:129,0
DA:130,0
DA:132,0
DA:133,0
DA:135,0
DA:137,0
DA:138,0
DA:140,0
DA:142,0
DA:144,0
DA:146,0
DA:148,0
DA:150,0
DA:151,0
DA:153,0
DA:155,0
DA:157,0
DA:159,0
DA:161,0
DA:162,0
DA:164,0
DA:166,0
DA:168,0
DA:170,0
DA:172,0
DA:174,0
DA:176,0
DA:178,0
DA:180,0
DA:182,0
DA:184,0
DA:186,0
DA:188,0
DA:189,0
DA:191,0
DA:193,0
DA:194,0
DA:196,0
DA:198,0
DA:199,0
DA:200,0
DA:202,0
DA:203,0
DA:205,1
DA:207,1
DA:208,1
DA:209,0
DA:210,0
DA:212,0
DA:214,1
DA:216,0
DA:218,0
DA:219,0
DA:221,0
DA:223,0
DA:224,0
DA:226,0
DA:228,0
DA:229,0
DA:231,0
DA:233,0
DA:234,0
DA:236,0
DA:238,0
DA:240,0
DA:242,0
DA:244,0
DA:245,0
DA:247,0
DA:249,0
DA:251,0
DA:253,0
DA:255,0
DA:257,0
DA:258,0
DA:260,0
DA:262,0
DA:263,0
DA:265,0
DA:267,0
DA:269,0
DA:270,0
DA:272,0
DA:275,0
LF:141
LH:32
end_of_record
TN:
SF:/home/atcsol/git/obdh_proy_26_fernando_giron/DJF/FTs/ft_asw_uah_mars_drone_freertos/llsw/emu_gss/src/emu_gss_pus_service02.cpp
FN:34,45,_ZN19EmuGSS_TCProgram2_1C2EjPKc20DeviceCommandOnOff_t
FN:48,61,_ZN19EmuGSS_TCProgram2_1C2E20DeviceCommandOnOff_t
FN:63,70,_ZN19EmuGSS_TCProgram2_114BuildTCAppDataER17tc_mem_descriptor
FN:73,81,_ZN30EmuGSS_TCProgram2_1_BadAddressC2EjPKcj
FN:83,90,_ZN30EmuGSS_TCProgram2_1_BadAddress14BuildTCAppDataER17tc_mem_descriptor
FNDA:0,_ZN19EmuGSS_TCProgram2_1C2EjPKc20DeviceCommandOnOff_t
FNDA:1,_ZN19EmuGSS_TCProgram2_1C2E20DeviceCommandOnOff_t
FNDA:1,_ZN19EmuGSS_TCProgram2_114BuildTCAppDataER17tc_mem_descriptor
FNDA:0,_ZN30EmuGSS_TCProgram2_1_BadAddressC2EjPKcj
FNDA:0,_ZN30EmuGSS_TCProgram2_1_BadAddress14BuildTCAppDataER17tc_mem_descriptor
FNF:5
FNH:2
DA:34,0
DA:35,0
DA:37,0
DA:39,0
DA:40,0
DA:42,0
DA:44,0
DA:45,0
DA:48,1
DA:50,1
DA:52,1
DA:54,1
DA:55,1
DA:57,0
DA:61,1
DA:63,1
DA:66,1
DA:68,1
DA:70,1
DA:73,0
DA:74,0
DA:76,0
DA:78,0
DA:80,0
DA:81,0
DA:83,0
DA:86,0
DA:88,0
DA:90,0
LF:29
LH:10
end_of_record
TN:
SF:/home/atcsol/git/obdh_proy_26_fernando_giron/DJF/FTs/ft_asw_uah_mars_drone_freertos/llsw/emu_gss/src/emu_gss_pus_service03.cpp
FN:100,103,_ZN17GSSServ3TMHandlerC2EPKh
FN:105,113,_ZN17GSSServ3TMHandler6ShowTMEv
FN:115,123,_ZN17GSSServ3TMHandler11ShowTM_3_25Ev
FN:127,187,_ZN17GSSServ3TMHandler15ShowTM_3_25_SIDEt
FN:41,48,_ZN19EmuGSS_TCProgram3_5C2EjPKct
FN:50,55,_ZN19EmuGSS_TCProgram3_514BuildTCAppDataER17tc_mem_descriptor
FN:57,64,_ZN19EmuGSS_TCProgram3_6C2EjPKct
FN:66,71,_ZN19EmuGSS_TCProgram3_614BuildTCAppDataER17tc_mem_descriptor
FN:73,82,_ZN20EmuGSS_TCProgram3_31C2EjPKcth
FN:84,90,_ZN20EmuGSS_TCProgram3_3114BuildTCAppDataER17tc_mem_descriptor
FN:93,98,_Z18EmuGSS_ShowServ3TMPK17tm_mem_descriptor
FNDA:6,_ZN17GSSServ3TMHandlerC2EPKh
FNDA:6,_ZN17GSSServ3TMHandler6ShowTMEv
FNDA:6,_ZN17GSSServ3TMHandler11ShowTM_3_25Ev
FNDA:6,_ZN17GSSServ3TMHandler15ShowTM_3_25_SIDEt
FNDA:1,_ZN19EmuGSS_TCProgram3_5C2EjPKct
FNDA:1,_ZN19EmuGSS_TCProgram3_514BuildTCAppDataER17tc_mem_descriptor
FNDA:1,_ZN19EmuGSS_TCProgram3_6C2EjPKct
FNDA:1,_ZN19EmuGSS_TCProgram3_614BuildTCAppDataER17tc_mem_descriptor
FNDA:1,_ZN20EmuGSS_TCProgram3_31C2EjPKcth
FNDA:1,_ZN20EmuGSS_TCProgram3_3114BuildTCAppDataER17tc_mem_descriptor
FNDA:6,_Z18EmuGSS_ShowServ3TMPK17tm_mem_descriptor
FNF:11
FNH:11
DA:41,1
DA:42,1
DA:44,1
DA:46,1
DA:47,1
DA:48,1
DA:50,1
DA:52,1
DA:53,1
DA:55,1
DA:57,1
DA:58,1
DA:60,1
DA:62,1
DA:63,1
DA:64,1
DA:66,1
DA:68,1
DA:69,1
DA:71,1
DA:73,1
DA:74,1
DA:76,1
DA:78,1
DA:79,1
DA:81,1
DA:82,1
DA:84,1
DA:86,1
DA:87,1
DA:88,1
DA:90,1
DA:93,6
DA:95,6
DA:96,6
DA:98,6
DA:100,6
DA:101,6
DA:103,6
DA:105,6
DA:107,6
DA:108,6
DA:109,6
DA:110,6
DA:113,6
DA:115,6
DA:117,6
DA:119,6
DA:121,6
DA:123,6
DA:127,6
DA:130,6
DA:132,6
DA:134,6
DA:136,18
DA:140,12
DA:142,12
DA:144,12
DA:145,12
DA:147,0
DA:148,0
DA:150,0
DA:152,12
DA:153,12
DA:155,12
DA:156,0
DA:157,0
DA:159,0
DA:161,0
DA:162,0
DA:166,12
DA:168,12
DA:169,6
DA:170,6
DA:172,6
DA:173,6
DA:174,6
DA:175,6
DA:179,0
DA:180,0
DA:187,6
LF:81
LH:71
end_of_record
TN:
SF:/home/atcsol/git/obdh_proy_26_fernando_giron/DJF/FTs/ft_asw_uah_mars_drone_freertos/llsw/emu_gss/src/emu_gss_pus_service04.cpp
FN:102,121,_ZN17GSSServ4TMHandler10ShowTM_4_2Ev
FN:123,187,_ZN17GSSServ4TMHandler19ShowTM_4_2_PIDValueEv
FN:37,41,_ZN19EmuGSS_TCProgram4_1C2EjPKc
FN:43,45,_ZN19EmuGSS_TCProgram4_114BuildTCAppDataER17tc_mem_descriptor
FN:47,54,_ZN19EmuGSS_TCProgram4_6C2EjPKct
FN:56,61,_ZN19EmuGSS_TCProgram4_614BuildTCAppDataER17tc_mem_descriptor
FN:63,70,_ZN19EmuGSS_TCProgram4_7C2EjPKct
FN:72,77,_ZN19EmuGSS_TCProgram4_714BuildTCAppDataER17tc_mem_descriptor
FN:80,85,_Z18EmuGSS_ShowServ4TMPK17tm_mem_descriptor
FN:87,90,_ZN17GSSServ4TMHandlerC2EPKh
FN:92,100,_ZN17GSSServ4TMHandler6ShowTMEv
FNDA:0,_ZN17GSSServ4TMHandler10ShowTM_4_2Ev
FNDA:0,_ZN17GSSServ4TMHandler19ShowTM_4_2_PIDValueEv
FNDA:0,_ZN19EmuGSS_TCProgram4_1C2EjPKc
FNDA:0,_ZN19EmuGSS_TCProgram4_114BuildTCAppDataER17tc_mem_descriptor
FNDA:0,_ZN19EmuGSS_TCProgram4_6C2EjPKct
FNDA:0,_ZN19EmuGSS_TCProgram4_614BuildTCAppDataER17tc_mem_descriptor
FNDA:0,_ZN19EmuGSS_TCProgram4_7C2EjPKct
FNDA:0,_ZN19EmuGSS_TCProgram4_714BuildTCAppDataER17tc_mem_descriptor
FNDA:0,_Z18EmuGSS_ShowServ4TMPK17tm_mem_descriptor
FNDA:0,_ZN17GSSServ4TMHandlerC2EPKh
FNDA:0,_ZN17GSSServ4TMHandler6ShowTMEv
FNF:11
FNH:0
DA:37,0
DA:38,0
DA:40,0
DA:41,0
DA:43,0
DA:45,0
DA:47,0
DA:48,0
DA:50,0
DA:52,0
DA:53,0
DA:54,0
DA:56,0
DA:58,0
DA:59,0
DA:61,0
DA:63,0
DA:64,0
DA:66,0
DA:68,0
DA:69,0
DA:70,0
DA:72,0
DA:74,0
DA:75,0
DA:77,0
DA:80,0
DA:82,0
DA:83,0
DA:85,0
DA:87,0
DA:88,0
DA:90,0
DA:92,0
DA:94,0
DA:95,0
DA:96,0
DA:97,0
DA:100,0
DA:102,0
DA:104,0
DA:105,0
DA:107,0
DA:108,0
DA:110,0
DA:112,0
DA:114,0
DA:116,0
DA:117,0
DA:118,0
DA:121,0
DA:123,0
DA:129,0
DA:131,0
DA:133,0
DA:135,0
DA:136,0
DA:138,0
DA:140,0
DA:141,0
DA:142,0
DA:144,0
DA:145,0
DA:146,0
DA:148,0
DA:149,0
DA:151,0
DA:152,0
DA:154,0
DA:156,0
DA:157,0
DA:158,0
DA:160,0
DA:162,0
DA:163,0
DA:164,0
DA:166,0
DA:167,0
DA:168,0
DA:170,0
DA:171,0
DA:173,0
DA:174,0
DA:176,0
DA:178,0
DA:179,0
DA:180,0
DA:182,0
DA:183,0
DA:184,0
DA:187,0
LF:91
LH:0
end_of_record
TN:
SF:/home/atcsol/git/obdh_proy_26_fernando_giron/DJF/FTs/ft_asw_uah_mars_drone_freertos/llsw/emu_gss/src/emu_gss_pus_service05.cpp
FN:101,143,_ZN17GSSServ5TMHandler10ShowTM_5_1Ev
FN:145,151,_ZN17GSSServ5TMHandler10ShowTM_5_2Ev
FN:153,159,_ZN17GSSServ5TMHandler10ShowTM_5_3Ev
FN:161,212,_ZN17GSSServ5TMHandler10ShowTM_5_4Ev
FN:37,44,_ZN19EmuGSS_TCProgram5_5C2EjPKct
FN:46,51,_ZN19EmuGSS_TCProgram5_514BuildTCAppDataER17tc_mem_descriptor
FN:53,60,_ZN19EmuGSS_TCProgram5_6C2EjPKct
FN:62,67,_ZN19EmuGSS_TCProgram5_614BuildTCAppDataER17tc_mem_descriptor
FN:70,75,_Z18EmuGSS_ShowServ5TMPK17tm_mem_descriptor
FN:77,80,_ZN17GSSServ5TMHandlerC2EPKh
FN:82,99,_ZN17GSSServ5TMHandler6ShowTMEv
FNDA:3,_ZN17GSSServ5TMHandler10ShowTM_5_1Ev
FNDA:0,_ZN17GSSServ5TMHandler10ShowTM_5_2Ev
FNDA:0,_ZN17GSSServ5TMHandler10ShowTM_5_3Ev
FNDA:1,_ZN17GSSServ5TMHandler10ShowTM_5_4Ev
FNDA:0,_ZN19EmuGSS_TCProgram5_5C2EjPKct
FNDA:0,_ZN19EmuGSS_TCProgram5_514BuildTCAppDataER17tc_mem_descriptor
FNDA:0,_ZN19EmuGSS_TCProgram5_6C2EjPKct
FNDA:0,_ZN19EmuGSS_TCProgram5_614BuildTCAppDataER17tc_mem_descriptor
FNDA:4,_Z18EmuGSS_ShowServ5TMPK17tm_mem_descriptor
FNDA:4,_ZN17GSSServ5TMHandlerC2EPKh
FNDA:4,_ZN17GSSServ5TMHandler6ShowTMEv
FNF:11
FNH:5
DA:37,0
DA:38,0
DA:40,0
DA:42,0
DA:43,0
DA:44,0
DA:46,0
DA:48,0
DA:49,0
DA:51,0
DA:53,0
DA:54,0
DA:56,0
DA:58,0
DA:59,0
DA:60,0
DA:62,0
DA:64,0
DA:65,0
DA:67,0
DA:70,4
DA:72,4
DA:73,4
DA:75,4
DA:77,4
DA:78,4
DA:80,4
DA:82,4
DA:84,4
DA:85,3
DA:86,3
DA:87,3
DA:88,0
DA:89,0
DA:90,0
DA:91,0
DA:92,0
DA:93,0
DA:94,1
DA:95,1
DA:96,1
DA:99,4
DA:101,3
DA:103,3
DA:105,3
DA:107,3
DA:109,2
DA:111,2
DA:112,2
DA:114,0
DA:116,0
DA:117,0
DA:119,0
DA:121,0
DA:122,0
DA:123,1
DA:124,1
DA:125,1
DA:126,0
DA:127,0
DA:128,0
DA:129,0
DA:130,0
DA:131,0
DA:132,0
DA:133,0
DA:134,0
DA:135,0
DA:136,0
DA:137,0
DA:139,0
DA:140,0
DA:142,3
DA:143,3
DA:145,0
DA:147,0
DA:149,0
DA:151,0
DA:153,0
DA:155,0
DA:157,0
DA:159,0
DA:161,1
DA:163,1
DA:165,1
DA:167,1
DA:168,1
DA:171,1
DA:177,1
DA:179,1
DA:181,0
DA:182,0
DA:183,0
DA:184,0
DA:186,1
DA:187,1
DA:188,1
DA:189,1
DA:190,0
DA:192,0
DA:195,1
DA:196,1
DA:198,1
DA:199,0
DA:200,1
DA:201,0
DA:203,1
DA:205,1
DA:207,1
DA:209,1
DA:212,1
LF:111
LH:49
end_of_record
TN:
SF:/home/atcsol/git/obdh_proy_26_fernando_giron/DJF/FTs/ft_asw_uah_mars_drone_freertos/llsw/emu_gss/src/emu_gss_pus_service09.cpp
FN:33,41,_ZN21EmuGSS_TCProgram9_129C2EjPKcj
FN:43,47,_ZN21EmuGSS_TCProgram9_12914BuildTCAppDataER17tc_mem_descriptor
FNDA:0,_ZN21EmuGSS_TCProgram9_129C2EjPKcj
FNDA:0,_ZN21EmuGSS_TCProgram9_12914BuildTCAppDataER17tc_mem_descriptor
FNF:2
FNH:0
DA:33,0
DA:35,0
DA:37,0
DA:39,0
DA:40,0
DA:41,0
DA:43,0
DA:45,0
DA:47,0
LF:9
LH:0
end_of_record
TN:
SF:/home/atcsol/git/obdh_proy_26_fernando_giron/DJF/FTs/ft_asw_uah_mars_drone_freertos/llsw/emu_gss/src/emu_gss_pus_service12.cpp
FN:107,123,_ZN32EmuGSS_TCProgram12_5_Limit_UINT8C2EjPKctthhhtht
FN:125,139,_ZN32EmuGSS_TCProgram12_5_Limit_UINT814BuildTCAppDataER17tc_mem_descriptor
FN:141,156,_ZN32EmuGSS_TCProgram12_5_Value_UINT8C2EjPKctthhhht
FN:158,171,_ZN32EmuGSS_TCProgram12_5_Value_UINT814BuildTCAppDataER17tc_mem_descriptor
FN:173,180,_ZN20EmuGSS_TCProgram12_6C2EjPKct
FN:182,187,_ZN20EmuGSS_TCProgram12_614BuildTCAppDataER17tc_mem_descriptor
FN:190,195,_Z19EmuGSS_ShowServ12TMPK17tm_mem_descriptor
FN:197,200,_ZN18GSSServ12TMHandlerC2EPKh
FN:202,210,_ZN18GSSServ12TMHandler6ShowTMEv
FN:212,226,_ZN18GSSServ12TMHandler15ShowValueStatusE18check_value_status
FN:228,247,_ZN18GSSServ12TMHandler15ShowLimitStatusE19check_limits_status
FN:249,366,_ZN18GSSServ12TMHandler12ShowTM_12_12Ev
FN:41,48,_ZN20EmuGSS_TCProgram12_1C2EjPKct
FN:50,55,_ZN20EmuGSS_TCProgram12_114BuildTCAppDataER17tc_mem_descriptor
FN:57,64,_ZN20EmuGSS_TCProgram12_2C2EjPKct
FN:66,71,_ZN20EmuGSS_TCProgram12_214BuildTCAppDataER17tc_mem_descriptor
FN:73,89,_ZN33EmuGSS_TCProgram12_5_Limit_UINT32C2EjPKctthhjtjt
FN:91,105,_ZN33EmuGSS_TCProgram12_5_Limit_UINT3214BuildTCAppDataER17tc_mem_descriptor
FNDA:1,_ZN32EmuGSS_TCProgram12_5_Limit_UINT8C2EjPKctthhhtht
FNDA:1,_ZN32EmuGSS_TCProgram12_5_Limit_UINT814BuildTCAppDataER17tc_mem_descriptor
FNDA:0,_ZN32EmuGSS_TCProgram12_5_Value_UINT8C2EjPKctthhhht
FNDA:0,_ZN32EmuGSS_TCProgram12_5_Value_UINT814BuildTCAppDataER17tc_mem_descriptor
FNDA:0,_ZN20EmuGSS_TCProgram12_6C2EjPKct
FNDA:0,_ZN20EmuGSS_TCProgram12_614BuildTCAppDataER17tc_mem_descriptor
FNDA:2,_Z19EmuGSS_ShowServ12TMPK17tm_mem_descriptor
FNDA:2,_ZN18GSSServ12TMHandlerC2EPKh
FNDA:2,_ZN18GSSServ12TMHandler6ShowTMEv
FNDA:0,_ZN18GSSServ12TMHandler15ShowValueStatusE18check_value_status
FNDA:4,_ZN18GSSServ12TMHandler15ShowLimitStatusE19check_limits_status
FNDA:2,_ZN18GSSServ12TMHandler12ShowTM_12_12Ev
FNDA:1,_ZN20EmuGSS_TCProgram12_1C2EjPKct
FNDA:1,_ZN20EmuGSS_TCProgram12_114BuildTCAppDataER17tc_mem_descriptor
FNDA:0,_ZN20EmuGSS_TCProgram12_2C2EjPKct
FNDA:0,_ZN20EmuGSS_TCProgram12_214BuildTCAppDataER17tc_mem_descriptor
FNDA:0,_ZN33EmuGSS_TCProgram12_5_Limit_UINT32C2EjPKctthhjtjt
FNDA:0,_ZN33EmuGSS_TCProgram12_5_Limit_UINT3214BuildTCAppDataER17tc_mem_descriptor
FNF:18
FNH:9
DA:41,1
DA:42,1
DA:44,1
DA:46,1
DA:47,1
DA:48,1
DA:50,1
DA:52,1
DA:53,1
DA:55,1
DA:57,0
DA:58,0
DA:60,0
DA:62,0
DA:63,0
DA:64,0
DA:66,0
DA:68,0
DA:69,0
DA:71,0
DA:73,0
DA:76,0
DA:78,0
DA:80,0
DA:81,0
DA:82,0
DA:83,0
DA:84,0
DA:85,0
DA:86,0
DA:87,0
DA:88,0
DA:89,0
DA:91,0
DA:94,0
DA:95,0
DA:96,0
DA:97,0
DA:98,0
DA:99,0
DA:100,0
DA:101,0
DA:102,0
DA:103,0
DA:105,0
DA:107,1
DA:110,1
DA:112,1
DA:114,1
DA:115,1
DA:116,1
DA:117,1
DA:118,1
DA:119,1
DA:120,1
DA:121,1
DA:122,1
DA:123,1
DA:125,1
DA:128,1
DA:129,1
DA:130,1
DA:131,1
DA:132,1
DA:133,1
DA:134,1
DA:135,1
DA:136,1
DA:137,1
DA:139,1
DA:141,0
DA:144,0
DA:146,0
DA:148,0
DA:149,0
DA:150,0
DA:151,0
DA:152,0
DA:153,0
DA:154,0
DA:155,0
DA:156,0
DA:158,0
DA:161,0
DA:162,0
DA:163,0
DA:164,0
DA:165,0
DA:166,0
DA:167,0
DA:168,0
DA:169,0
DA:171,0
DA:173,0
DA:174,0
DA:176,0
DA:178,0
DA:179,0
DA:180,0
DA:182,0
DA:184,0
DA:185,0
DA:187,0
DA:190,2
DA:192,2
DA:193,2
DA:195,2
DA:197,2
DA:198,2
DA:200,2
DA:202,2
DA:204,2
DA:205,2
DA:206,2
DA:207,2
DA:210,2
DA:212,0
DA:214,0
DA:216,0
DA:217,0
DA:218,0
DA:219,0
DA:220,0
DA:221,0
DA:222,0
DA:223,0
DA:224,0
DA:226,0
DA:228,4
DA:230,4
DA:232,2
DA:233,2
DA:234,2
DA:235,1
DA:236,1
DA:237,1
DA:238,0
DA:239,0
DA:240,0
DA:241,1
DA:242,1
DA:243,1
DA:247,4
DA:249,2
DA:254,2
DA:256,4
DA:258,2
DA:260,2
DA:262,2
DA:268,2
DA:270,2
DA:272,2
DA:274,0
DA:275,0
DA:276,0
DA:278,2
DA:279,2
DA:281,2
DA:283,0
DA:284,0
DA:285,0
DA:289,2
DA:291,0
DA:293,0
DA:295,0
DA:299,0
DA:300,0
DA:302,0
DA:304,2
DA:306,2
DA:308,0
DA:312,2
DA:313,2
DA:317,2
DA:318,2
DA:321,2
DA:323,0
DA:324,0
DA:325,0
DA:326,0
DA:327,0
DA:329,0
DA:332,0
DA:334,0
DA:335,0
DA:338,0
DA:339,0
DA:340,0
DA:343,2
DA:344,2
DA:345,2
DA:347,2
DA:350,2
DA:351,2
DA:352,2
DA:354,2
DA:355,2
DA:356,2
DA:360,2
DA:362,2
DA:366,2
LF:201
LH:93
end_of_record
TN:
SF:/home/atcsol/git/obdh_proy_26_fernando_giron/DJF/FTs/ft_asw_uah_mars_drone_freertos/llsw/emu_gss/src/emu_gss_pus_service128.cpp
FN:33,39,_ZN21EmuGSS_TCProgram128_1C2EjPKc
FN:42,47,_ZN21EmuGSS_TCProgram128_1C2Ev
FN:49,52,_ZN21EmuGSS_TCProgram128_114BuildTCAppDataER17tc_mem_descriptor
FNDA:1,_ZN21EmuGSS_TCProgram128_1C2EjPKc
FNDA:0,_ZN21EmuGSS_TCProgram128_1C2Ev
FNDA:1,_ZN21EmuGSS_TCProgram128_114BuildTCAppDataER17tc_mem_descriptor
FNF:3
FNH:2
DA:33,1
DA:34,1
DA:36,1
DA:38,1
DA:39,1
DA:42,0
DA:43,0
DA:47,0
DA:49,1
DA:52,1
LF:10
LH:7
end_of_record
TN:
SF:/home/atcsol/git/obdh_proy_26_fernando_giron/DJF/FTs/ft_asw_uah_mars_drone_freertos/llsw/emu_gss/src/emu_gss_pus_service129.cpp
FN:102,106,_ZN21EmuGSS_TCProgram129_414BuildTCAppDataER17tc_mem_descriptor
FN:17,27,_ZN21EmuGSS_TCProgram129_1C2EjPKcfff
FN:29,37,_ZN21EmuGSS_TCProgram129_114BuildTCAppDataER17tc_mem_descriptor
FN:42,52,_ZN21EmuGSS_TCProgram129_2C2EjPKcfff
FN:54,60,_ZN21EmuGSS_TCProgram129_214BuildTCAppDataER17tc_mem_descriptor
FN:64,70,_ZN21EmuGSS_TCProgram129_3C2EjPKc
FN:72,77,_ZN21EmuGSS_TCProgram129_3C2Ev
FN:80,84,_ZN21EmuGSS_TCProgram129_314BuildTCAppDataER17tc_mem_descriptor
FN:86,92,_ZN21EmuGSS_TCProgram129_4C2EjPKc
FN:94,99,_ZN21EmuGSS_TCProgram129_4C2Ev
FNDA:0,_ZN21EmuGSS_TCProgram129_414BuildTCAppDataER17tc_mem_descriptor
FNDA:0,_ZN21EmuGSS_TCProgram129_1C2EjPKcfff
FNDA:0,_ZN21EmuGSS_TCProgram129_114BuildTCAppDataER17tc_mem_descriptor
FNDA:0,_ZN21EmuGSS_TCProgram129_2C2EjPKcfff
FNDA:0,_ZN21EmuGSS_TCProgram129_214BuildTCAppDataER17tc_mem_descriptor
FNDA:0,_ZN21EmuGSS_TCProgram129_3C2EjPKc
FNDA:0,_ZN21EmuGSS_TCProgram129_3C2Ev
FNDA:0,_ZN21EmuGSS_TCProgram129_314BuildTCAppDataER17tc_mem_descriptor
FNDA:0,_ZN21EmuGSS_TCProgram129_4C2EjPKc
FNDA:0,_ZN21EmuGSS_TCProgram129_4C2Ev
FNF:10
FNH:0
DA:17,0
DA:19,0
DA:21,0
DA:23,0
DA:24,0
DA:25,0
DA:26,0
DA:27,0
DA:29,0
DA:32,0
DA:33,0
DA:34,0
DA:37,0
DA:42,0
DA:44,0
DA:46,0
DA:48,0
DA:49,0
DA:50,0
DA:51,0
DA:52,0
DA:54,0
DA:56,0
DA:57,0
DA:58,0
DA:60,0
DA:64,0
DA:65,0
DA:67,0
DA:69,0
DA:70,0
DA:72,0
DA:73,0
DA:77,0
DA:80,0
DA:84,0
DA:86,0
DA:87,0
DA:89,0
DA:91,0
DA:92,0
DA:94,0
DA:95,0
DA:99,0
DA:102,0
DA:106,0
LF:46
LH:0
end_of_record
TN:
SF:/home/atcsol/git/obdh_proy_26_fernando_giron/DJF/FTs/ft_asw_uah_mars_drone_freertos/llsw/emu_gss/src/emu_gss_pus_service17.cpp
FN:30,35,_ZN20EmuGSS_TCProgram17_1C2EjPKc
FN:37,39,_ZN20EmuGSS_TCProgram17_114BuildTCAppDataER17tc_mem_descriptor
FN:41,47,_ZN32EmuGSS_TCProgram17_1_DISABLE_1_7C2EjPKc
FN:49,52,_ZN32EmuGSS_TCProgram17_1_DISABLE_1_714BuildTCAppDataER17tc_mem_descriptor
FN:56,62,_ZN20EmuGSS_TCProgram17_3C2EjPKct
FN:64,66,_ZN20EmuGSS_TCProgram17_314BuildTCAppDataER17tc_mem_descriptor
FNDA:1,_ZN20EmuGSS_TCProgram17_1C2EjPKc
FNDA:1,_ZN20EmuGSS_TCProgram17_114BuildTCAppDataER17tc_mem_descriptor
FNDA:1,_ZN32EmuGSS_TCProgram17_1_DISABLE_1_7C2EjPKc
FNDA:1,_ZN32EmuGSS_TCProgram17_1_DISABLE_1_714BuildTCAppDataER17tc_mem_descriptor
FNDA:1,_ZN20EmuGSS_TCProgram17_3C2EjPKct
FNDA:1,_ZN20EmuGSS_TCProgram17_314BuildTCAppDataER17tc_mem_descriptor
FNF:6
FNH:6
DA:30,1
DA:31,1
DA:32,1
DA:34,1
DA:35,1
DA:37,1
DA:39,1
DA:41,1
DA:42,1
DA:43,1
DA:45,1
DA:46,1
DA:47,1
DA:49,1
DA:52,1
DA:56,1
DA:57,1
DA:58,1
DA:60,1
DA:61,1
DA:62,1
DA:64,1
DA:66,1
LF:23
LH:23
end_of_record
TN:
SF:/home/atcsol/git/obdh_proy_26_fernando_giron/DJF/FTs/ft_asw_uah_mars_drone_freertos/llsw/emu_gss/src/emu_gss_pus_service19.cpp
FN:105,112,_ZN33EmuGSS_TCProgram19_1_Action_129_4C2EjPKct
FN:114,129,_ZN33EmuGSS_TCProgram19_1_Action_129_414BuildTCAppDataER17tc_mem_descriptor
FN:132,139,_ZN20EmuGSS_TCProgram19_2C2EjPKct
FN:141,145,_ZN20EmuGSS_TCProgram19_214BuildTCAppDataER17tc_mem_descriptor
FN:147,154,_ZN20EmuGSS_TCProgram19_4C2EjPKct
FN:156,161,_ZN20EmuGSS_TCProgram19_414BuildTCAppDataER17tc_mem_descriptor
FN:163,170,_ZN20EmuGSS_TCProgram19_5C2EjPKct
FN:172,177,_ZN20EmuGSS_TCProgram19_514BuildTCAppDataER17tc_mem_descriptor
FN:180,185,_Z19EmuGSS_ShowServ19TMPK17tm_mem_descriptor
FN:187,190,_ZN18GSSServ19TMHandlerC2EPKh
FN:192,194,_ZN18GSSServ19TMHandler6ShowTMEv
FN:53,61,_ZN31EmuGSS_TCProgram19_1_Action_2_1C2EjPKct20DeviceCommandOnOff_t
FN:63,77,_ZN31EmuGSS_TCProgram19_1_Action_2_114BuildTCAppDataER17tc_mem_descriptor
FN:79,86,_ZN33EmuGSS_TCProgram19_1_Action_128_1C2EjPKct
FN:88,103,_ZN33EmuGSS_TCProgram19_1_Action_128_114BuildTCAppDataER17tc_mem_descriptor
FNDA:0,_ZN33EmuGSS_TCProgram19_1_Action_129_4C2EjPKct
FNDA:0,_ZN33EmuGSS_TCProgram19_1_Action_129_414BuildTCAppDataER17tc_mem_descriptor
FNDA:0,_ZN20EmuGSS_TCProgram19_2C2EjPKct
FNDA:0,_ZN20EmuGSS_TCProgram19_214BuildTCAppDataER17tc_mem_descriptor
FNDA:1,_ZN20EmuGSS_TCProgram19_4C2EjPKct
FNDA:1,_ZN20EmuGSS_TCProgram19_414BuildTCAppDataER17tc_mem_descriptor
FNDA:0,_ZN20EmuGSS_TCProgram19_5C2EjPKct
FNDA:0,_ZN20EmuGSS_TCProgram19_514BuildTCAppDataER17tc_mem_descriptor
FNDA:0,_Z19EmuGSS_ShowServ19TMPK17tm_mem_descriptor
FNDA:0,_ZN18GSSServ19TMHandlerC2EPKh
FNDA:0,_ZN18GSSServ19TMHandler6ShowTMEv
FNDA:1,_ZN31EmuGSS_TCProgram19_1_Action_2_1C2EjPKct20DeviceCommandOnOff_t
FNDA:1,_ZN31EmuGSS_TCProgram19_1_Action_2_114BuildTCAppDataER17tc_mem_descriptor
FNDA:0,_ZN33EmuGSS_TCProgram19_1_Action_128_1C2EjPKct
FNDA:0,_ZN33EmuGSS_TCProgram19_1_Action_128_114BuildTCAppDataER17tc_mem_descriptor
FNF:15
FNH:4
DA:53,1
DA:55,1
DA:57,1
DA:59,1
DA:60,1
DA:61,1
DA:63,1
DA:68,1
DA:70,1
DA:71,1
DA:73,1
DA:74,19
DA:75,18
DA:77,1
DA:79,0
DA:80,0
DA:82,0
DA:83,0
DA:84,0
DA:86,0
DA:88,0
DA:93,0
DA:95,0
DA:96,0
DA:98,0
DA:100,0
DA:101,0
DA:103,0
DA:105,0
DA:106,0
DA:108,0
DA:109,0
DA:110,0
DA:112,0
DA:114,0
DA:119,0
DA:121,0
DA:122,0
DA:124,0
DA:126,0
DA:127,0
DA:129,0
DA:132,0
DA:133,0
DA:135,0
DA:137,0
DA:138,0
DA:139,0
DA:141,0
DA:142,0
DA:143,0
DA:145,0
DA:147,1
DA:148,1
DA:150,1
DA:152,1
DA:153,1
DA:154,1
DA:156,1
DA:158,1
DA:159,1
DA:161,1
DA:163,0
DA:164,0
DA:166,0
DA:168,0
DA:169,0
DA:170,0
DA:172,0
DA:174,0
DA:175,0
DA:177,0
DA:180,0
DA:182,0
DA:183,0
DA:185,0
DA:187,0
DA:188,0
DA:190,0
DA:192,0
DA:194,0
LF:81
LH:24
end_of_record
TN:
SF:/home/atcsol/git/obdh_proy_26_fernando_giron/DJF/FTs/ft_asw_uah_mars_drone_freertos/llsw/emu_gss/src/emu_gss_pus_service20.cpp
FN:102,105,_ZN18GSSServ20TMHandlerC2EPKh
FN:107,115,_ZN18GSSServ20TMHandler6ShowTMEv
FN:117,153,_ZN18GSSServ20TMHandler11ShowTM_20_2Ev
FN:39,46,_ZN20EmuGSS_TCProgram20_1C2EjPKct
FN:48,53,_ZN20EmuGSS_TCProgram20_114BuildTCAppDataER17tc_mem_descriptor
FN:55,64,_ZN26EmuGSS_TCProgram20_3_uint8C2EjPKcth
FN:66,73,_ZN26EmuGSS_TCProgram20_3_uint814BuildTCAppDataER17tc_mem_descriptor
FN:75,84,_ZN27EmuGSS_TCProgram20_3_uint32C2EjPKctj
FN:86,93,_ZN27EmuGSS_TCProgram20_3_uint3214BuildTCAppDataER17tc_mem_descriptor
FN:95,100,_Z19EmuGSS_ShowServ20TMPK17tm_mem_descriptor
FNDA:1,_ZN18GSSServ20TMHandlerC2EPKh
FNDA:1,_ZN18GSSServ20TMHandler6ShowTMEv
FNDA:1,_ZN18GSSServ20TMHandler11ShowTM_20_2Ev
FNDA:1,_ZN20EmuGSS_TCProgram20_1C2EjPKct
FNDA:1,_ZN20EmuGSS_TCProgram20_114BuildTCAppDataER17tc_mem_descriptor
FNDA:3,_ZN26EmuGSS_TCProgram20_3_uint8C2EjPKcth
FNDA:3,_ZN26EmuGSS_TCProgram20_3_uint814BuildTCAppDataER17tc_mem_descriptor
FNDA:0,_ZN27EmuGSS_TCProgram20_3_uint32C2EjPKctj
FNDA:0,_ZN27EmuGSS_TCProgram20_3_uint3214BuildTCAppDataER17tc_mem_descriptor
FNDA:1,_Z19EmuGSS_ShowServ20TMPK17tm_mem_descriptor
FNF:10
FNH:8
DA:39,1
DA:40,1
DA:42,1
DA:44,1
DA:45,1
DA:46,1
DA:48,1
DA:50,1
DA:51,1
DA:53,1
DA:55,3
DA:56,3
DA:58,3
DA:60,3
DA:61,3
DA:63,3
DA:64,3
DA:66,3
DA:69,3
DA:70,3
DA:71,3
DA:73,3
DA:75,0
DA:76,0
DA:78,0
DA:80,0
DA:81,0
DA:83,0
DA:84,0
DA:86,0
DA:89,0
DA:90,0
DA:91,0
DA:93,0
DA:95,1
DA:97,1
DA:98,1
DA:100,1
DA:102,1
DA:103,1
DA:105,1
DA:107,1
DA:109,1
DA:110,1
DA:111,1
DA:112,1
DA:115,1
DA:117,1
DA:122,1
DA:124,2
DA:126,1
DA:128,1
DA:132,1
DA:133,0
DA:134,0
DA:138,0
DA:139,1
DA:140,1
DA:144,1
DA:145,1
DA:147,1
DA:149,1
DA:150,1
DA:153,1
LF:64
LH:49
end_of_record
TN:
SF:/home/atcsol/git/obdh_proy_26_fernando_giron/DJF/FTs/ft_asw_uah_mars_drone_freertos/llsw/emu_gss/src/emu_gss_sys_data_pool.cpp
FN:40,139,_ZN14GSSSysDataPool12ShowPIDValueEt14data_pool_item
FNDA:19,_ZN14GSSSysDataPool12ShowPIDValueEt14data_pool_item
FNF:1
FNH:1
DA:40,19
DA:44,19
DA:46,19
DA:48,0
DA:51,0
DA:54,0
DA:56,0
DA:57,0
DA:61,0
DA:62,0
DA:64,0
DA:65,0
DA:69,0
DA:73,0
DA:74,19
DA:76,19
DA:77,0
DA:79,19
DA:81,19
DA:82,0
DA:83,0
DA:85,0
DA:87,0
DA:88,0
DA:89,0
DA:90,0
DA:91,0
DA:93,0
DA:94,0
DA:95,0
DA:96,0
DA:97,0
DA:98,0
DA:100,0
DA:101,0
DA:102,0
DA:103,0
DA:104,0
DA:105,0
DA:107,0
DA:108,0
DA:109,0
DA:110,0
DA:111,0
DA:112,0
DA:114,0
DA:115,0
DA:116,0
DA:117,0
DA:118,0
DA:119,0
DA:120,0
DA:121,0
DA:122,0
DA:123,0
DA:124,0
DA:125,0
DA:127,0
DA:128,0
DA:129,0
DA:130,0
DA:133,0
DA:135,0
DA:136,0
DA:139,19
LF:65
LH:8
end_of_record
TN:
SF:/home/atcsol/git/obdh_proy_26_fernando_giron/DJF/FTs/ft_asw_uah_mars_drone_freertos/llsw/emu_gss/src/emu_gss_tc_program.cpp
FN:104,121,_ZN16EmuGSS_TCProgram7BuildTCER17tc_mem_descriptor
FN:123,129,_ZN16EmuGSS_TCProgram16DisableAcceptACKEv
FN:130,135,_ZN16EmuGSS_TCProgram19DisableExecStartACKEv
FN:136,140,_ZN16EmuGSS_TCProgram18DisableExecProgACKEv
FN:141,145,_ZN16EmuGSS_TCProgram24DisableExecCompletionACKEv
FN:148,171,_ZN16EmuGSS_TCProgram17BuildTCPackHeaderER17tc_mem_descriptor
FN:172,180,_ZN16EmuGSS_TCProgram15BuildTCDFHeaderER17tc_mem_descriptor
FN:182,185,_ZN16EmuGSS_TCProgram12SetNextUInt8Eh
FN:187,190,_ZN16EmuGSS_TCProgram13SetNextUInt16Et
FN:192,195,_ZN16EmuGSS_TCProgram13SetNextUInt32Ej
FN:196,199,_ZN16EmuGSS_TCProgram13SetNextUInt64Em
FN:201,204,_ZN16EmuGSS_TCProgram11SetNextInt8Ea
FN:205,208,_ZN16EmuGSS_TCProgram12SetNextInt16Es
FN:210,213,_ZN16EmuGSS_TCProgram12SetNextInt32Ei
FN:214,217,_ZN16EmuGSS_TCProgram12SetNextInt64El
FN:219,224,_ZN16EmuGSS_TCProgram12SetNextFloatERf
FN:39,43,_ZN16EmuGSS_TCProgram21GetCurrentTCProgramedEv
FN:45,56,_ZN16EmuGSS_TCProgramC2EjhhtPKc
FN:58,68,_ZN16EmuGSS_TCProgram21SetCurrentTCProgramedEj
FN:70,102,_ZN16EmuGSS_TCProgram10NewProgramEPS_
FNDA:16,_ZN16EmuGSS_TCProgram7BuildTCER17tc_mem_descriptor
FNDA:0,_ZN16EmuGSS_TCProgram16DisableAcceptACKEv
FNDA:0,_ZN16EmuGSS_TCProgram19DisableExecStartACKEv
FNDA:0,_ZN16EmuGSS_TCProgram18DisableExecProgACKEv
FNDA:1,_ZN16EmuGSS_TCProgram24DisableExecCompletionACKEv
FNDA:16,_ZN16EmuGSS_TCProgram17BuildTCPackHeaderER17tc_mem_descriptor
FNDA:16,_ZN16EmuGSS_TCProgram15BuildTCDFHeaderER17tc_mem_descriptor
FNDA:39,_ZN16EmuGSS_TCProgram12SetNextUInt8Eh
FNDA:14,_ZN16EmuGSS_TCProgram13SetNextUInt16Et
FNDA:1,_ZN16EmuGSS_TCProgram13SetNextUInt32Ej
FNDA:0,_ZN16EmuGSS_TCProgram13SetNextUInt64Em
FNDA:0,_ZN16EmuGSS_TCProgram11SetNextInt8Ea
FNDA:0,_ZN16EmuGSS_TCProgram12SetNextInt16Es
FNDA:0,_ZN16EmuGSS_TCProgram12SetNextInt32Ei
FNDA:0,_ZN16EmuGSS_TCProgram12SetNextInt64El
FNDA:0,_ZN16EmuGSS_TCProgram12SetNextFloatERf
FNDA:15,_ZN16EmuGSS_TCProgram21GetCurrentTCProgramedEv
FNDA:16,_ZN16EmuGSS_TCProgramC2EjhhtPKc
FNDA:115,_ZN16EmuGSS_TCProgram21SetCurrentTCProgramedEj
FNDA:15,_ZN16EmuGSS_TCProgram10NewProgramEPS_
FNF:20
FNH:11
DA:39,15
DA:41,15
DA:45,16
DA:46,16
DA:48,16
DA:49,16
DA:50,16
DA:51,16
DA:52,16
DA:53,16
DA:54,16
DA:55,16
DA:56,16
DA:58,115
DA:59,115
DA:60,115
DA:61,114
DA:62,15
DA:63,15
DA:64,15
DA:67,115
DA:70,15
DA:71,15
DA:73,15
DA:74,1
DA:75,1
DA:77,14
DA:79,14
DA:80,14
DA:81,102
DA:82,88
DA:83,9
DA:84,8
DA:86,1
DA:88,9
DA:89,9
DA:91,79
DA:92,79
DA:93,79
DA:94,5
DA:95,5
DA:96,5
DA:102,15
DA:104,16
DA:106,16
DA:108,16
DA:109,16
DA:110,16
DA:111,16
DA:113,16
DA:114,16
DA:115,16
DA:117,16
DA:118,16
DA:121,16
DA:123,0
DA:126,0
DA:129,0
DA:130,0
DA:133,0
DA:135,0
DA:136,0
DA:139,0
DA:140,0
DA:141,1
DA:144,1
DA:145,1
DA:148,16
DA:150,16
DA:151,16
DA:153,16
DA:156,16
DA:158,16
DA:159,16
DA:161,16
DA:164,16
DA:167,16
DA:171,16
DA:172,16
DA:174,16
DA:175,16
DA:176,16
DA:177,16
DA:178,16
DA:180,16
DA:182,39
DA:183,39
DA:184,39
DA:185,39
DA:187,14
DA:188,14
DA:189,14
DA:190,14
DA:192,1
DA:193,1
DA:194,1
DA:195,1
DA:196,0
DA:197,0
DA:198,0
DA:199,0
DA:201,0
DA:202,0
DA:203,0
DA:204,0
DA:205,0
DA:206,0
DA:207,0
DA:208,0
DA:210,0
DA:211,0
DA:212,0
DA:213,0
DA:214,0
DA:215,0
DA:216,0
DA:217,0
DA:219,0
DA:221,0
DA:222,0
DA:223,0
DA:224,0
LF:122
LH:88
end_of_record
TN:
SF:/home/atcsol/git/obdh_proy_26_fernando_giron/DJF/FTs/ft_asw_uah_mars_drone_freertos/llsw/emu_gss/src/emu_gss_tm_handler.cpp
FN:101,108,_ZN12GSSTMHandler25GetNextUInt64AppDataFieldEv
FN:110,116,_ZN12GSSTMHandler23GetNextInt8AppDataFieldEv
FN:118,125,_ZN12GSSTMHandler24GetNextInt16AppDataFieldEv
FN:127,134,_ZN12GSSTMHandler24GetNextInt32AppDataFieldEv
FN:136,142,_ZN12GSSTMHandler24GetNextInt64AppDataFieldEv
FN:39,47,_ZN12GSSTMHandler10GetPUSTypeEPK17tm_mem_descriptor
FN:49,58,_ZN12GSSTMHandler13GetPUSSubtypeEPK17tm_mem_descriptor
FN:60,74,_ZN12GSSTMHandlerC2EPKh
FN:76,82,_ZN12GSSTMHandler24GetNextUInt8AppDataFieldEv
FN:84,90,_ZN12GSSTMHandler25GetNextUInt16AppDataFieldEv
FN:92,99,_ZN12GSSTMHandler25GetNextUInt32AppDataFieldEv
FNDA:0,_ZN12GSSTMHandler25GetNextUInt64AppDataFieldEv
FNDA:0,_ZN12GSSTMHandler23GetNextInt8AppDataFieldEv
FNDA:0,_ZN12GSSTMHandler24GetNextInt16AppDataFieldEv
FNDA:0,_ZN12GSSTMHandler24GetNextInt32AppDataFieldEv
FNDA:0,_ZN12GSSTMHandler24GetNextInt64AppDataFieldEv
FNDA:58,_ZN12GSSTMHandler10GetPUSTypeEPK17tm_mem_descriptor
FNDA:58,_ZN12GSSTMHandler13GetPUSSubtypeEPK17tm_mem_descriptor
FNDA:56,_ZN12GSSTMHandlerC2EPKh
FNDA:30,_ZN12GSSTMHandler24GetNextUInt8AppDataFieldEv
FNDA:102,_ZN12GSSTMHandler25GetNextUInt16AppDataFieldEv
FNDA:2,_ZN12GSSTMHandler25GetNextUInt32AppDataFieldEv
FNF:11
FNH:6
DA:39,58
DA:41,58
DA:42,58
DA:43,58
DA:45,58
DA:49,58
DA:52,58
DA:53,58
DA:54,58
DA:56,58
DA:60,56
DA:62,56
DA:63,56
DA:64,56
DA:66,56
DA:67,56
DA:68,56
DA:70,56
DA:72,56
DA:74,56
DA:76,30
DA:79,30
DA:80,30
DA:81,30
DA:84,102
DA:87,102
DA:88,102
DA:89,102
DA:92,2
DA:95,2
DA:96,2
DA:97,2
DA:101,0
DA:104,0
DA:105,0
DA:106,0
DA:110,0
DA:112,0
DA:113,0
DA:114,0
DA:118,0
DA:121,0
DA:122,0
DA:123,0
DA:127,0
DA:130,0
DA:131,0
DA:132,0
DA:136,0
DA:139,0
DA:140,0
DA:141,0
LF:52
LH:32
end_of_record
TN:
SF:/home/atcsol/git/obdh_proy_26_fernando_giron/DJF/FTs/ft_asw_uah_mars_drone_freertos/llsw/emu_hw_timecode_drv/src/emu_hw_timecode_drv.cpp
FN:18,23,_Z20EmuHwTimeCodeStartUpv
FN:25,36,_Z23EmuHwTimeCodePassSecondv
FN:38,41,EmuHwTimeCodeSetNextOBT
FN:43,47,EmuHwTimeCodeGetCurrentOBT
FN:49,53,EmuHwTimeCodeGetCurrentFineTimeOBT
FNDA:1,_Z20EmuHwTimeCodeStartUpv
FNDA:100,_Z23EmuHwTimeCodePassSecondv
FNDA:0,EmuHwTimeCodeSetNextOBT
FNDA:261,EmuHwTimeCodeGetCurrentOBT
FNDA:0,EmuHwTimeCodeGetCurrentFineTimeOBT
FNF:5
FNH:3
DA:18,1
DA:21,1
DA:23,1
DA:25,100
DA:27,100
DA:28,100
DA:32,100
DA:36,99
DA:38,0
DA:40,0
DA:41,0
DA:43,261
DA:45,261
DA:49,0
DA:51,0
LF:15
LH:10
end_of_record
TN:
SF:/home/atcsol/git/obdh_proy_26_fernando_giron/DJF/FTs/ft_asw_uah_mars_drone_freertos/llsw/emu_sc_channel_drv/src/emu_sc_channel_drv.cpp
FN:106,114,SC_Channel_TxTM
FN:47,49,_Z14RXLockFunctionv
FN:50,52,_Z16RXUnlockFunctionv
FN:56,58,_Z14TXLockFunctionv
FN:59,61,_Z16TXUnlockFunctionv
FN:63,67,SC_Channel_Init
FN:69,72,_Z17SC_Channel_RxDatav
FN:74,93,_Z20SC_Channel_GetNextTCR17CDTCMemDescriptor
FN:95,104,_Z27SC_Channel_HandlePendingTCsv
FNDA:58,SC_Channel_TxTM
FNDA:75,_Z14RXLockFunctionv
FNDA:75,_Z16RXUnlockFunctionv
FNDA:58,_Z14TXLockFunctionv
FNDA:58,_Z16TXUnlockFunctionv
FNDA:2,SC_Channel_Init
FNDA:0,_Z17SC_Channel_RxDatav
FNDA:15,_Z20SC_Channel_GetNextTCR17CDTCMemDescriptor
FNDA:15,_Z27SC_Channel_HandlePendingTCsv
FNF:9
FNH:8
DA:47,75
DA:48,75
DA:49,75
DA:50,75
DA:51,75
DA:52,75
DA:56,58
DA:57,58
DA:58,58
DA:59,58
DA:60,58
DA:61,58
DA:63,2
DA:64,2
DA:66,2
DA:67,2
DA:69,0
DA:71,0
DA:74,15
DA:80,15
DA:82,15
DA:83,15
DA:85,278
DA:86,263
DA:90,15
DA:93,15
DA:95,15
DA:99,15
DA:101,0
DA:104,15
DA:106,58
DA:109,58
DA:110,58
DA:111,58
DA:114,58
LF:35
LH:32
end_of_record
TN:
SF:/home/atcsol/git/obdh_proy_26_fernando_giron/DJF/FTs/ft_asw_uah_mars_drone_freertos/llsw/emu_uah_drone_cinematics/src/emu_uah_drone_cinematics.cpp
FN:20,26,emu_uah_drone_on_ground
FN:33,40,emu_uah_drone_take_off
FN:42,68,emu_uah_drone_apply_control
FNDA:1,emu_uah_drone_on_ground
FNDA:0,emu_uah_drone_take_off
FNDA:0,emu_uah_drone_apply_control
FNF:3
FNH:1
DA:20,1
DA:22,1
DA:23,1
DA:24,1
DA:26,1
DA:33,0
DA:35,0
DA:36,0
DA:37,0
DA:38,0
DA:40,0
DA:42,0
DA:46,0
DA:50,0
DA:51,0
DA:53,0
DA:55,0
DA:56,0
DA:57,0
DA:60,0
DA:62,0
DA:63,0
DA:64,0
DA:67,0
LF:24
LH:5
end_of_record
TN:
SF:/home/atcsol/git/obdh_proy_26_fernando_giron/DJF/FTs/ft_asw_uah_mars_drone_freertos/llsw/emu_watchdog_drv/src/watchdog_drv.c
FN:13,17,watchdog_drv_startup
FN:19,23,watchdog_drv_disable_signal
FN:25,29,watchdog_drv_signal
FNDA:0,watchdog_drv_startup
FNDA:1,watchdog_drv_disable_signal
FNDA:0,watchdog_drv_signal
FNF:3
FNH:1
DA:13,0
DA:17,0
DA:19,1
DA:21,1
DA:22,1
DA:25,0
DA:29,0
LF:7
LH:3
end_of_record
TN:
SF:/home/atcsol/git/obdh_proy_26_fernando_giron/DJF/FTs/ft_asw_uah_mars_drone_freertos/llsw/freertos_osswr/Source/event_groups.c
FN:139,174,xEventGroupCreate
FN:179,303,xEventGroupSync
FN:306,463,xEventGroupWaitBits
FN:466,495,xEventGroupClearBits
FN:518,535,xEventGroupGetBitsFromISR
FN:538,635,xEventGroupSetBits
FN:638,685,vEventGroupDelete
FN:736,747,vEventGroupSetBitsCallback
FN:752,763,vEventGroupClearBitsCallback
FN:766,800,prvTestWaitCondition
FNDA:0,xEventGroupCreate
FNDA:0,xEventGroupSync
FNDA:0,xEventGroupWaitBits
FNDA:0,xEventGroupClearBits
FNDA:0,xEventGroupGetBitsFromISR
FNDA:0,xEventGroupSetBits
FNDA:0,vEventGroupDelete
FNDA:0,vEventGroupSetBitsCallback
FNDA:0,vEventGroupClearBitsCallback
FNDA:0,prvTestWaitCondition
FNF:10
FNH:0
DA:139,0
DA:148,0
DA:150,0
DA:152,0
DA:153,0
DA:173,0
DA:179,0
DA:185,0
DA:187,0
DA:191,0
DA:192,0
DA:195,0
DA:199,0
DA:201,0
DA:203,0
DA:205,0
DA:208,0
DA:212,0
DA:214,0
DA:218,0
DA:225,0
DA:231,0
DA:237,0
DA:238,0
DA:242,0
DA:244,0
DA:246,0
DA:248,0
DA:259,0
DA:261,0
DA:264,0
DA:266,0
DA:272,0
DA:274,0
DA:281,0
DA:283,0
DA:292,0
DA:302,0
DA:306,0
DA:312,0
DA:313,0
DA:315,0
DA:321,0
DA:322,0
DA:323,0
DA:326,0
DA:330,0
DA:332,0
DA:335,0
DA:337,0
DA:341,0
DA:342,0
DA:345,0
DA:347,0
DA:354,0
DA:358,0
DA:359,0
DA:367,0
DA:369,0
DA:376,0
DA:378,0
DA:388,0
DA:393,0
DA:398,0
DA:400,0
DA:402,0
DA:404,0
DA:415,0
DA:417,0
DA:419,0
DA:422,0
DA:426,0
DA:428,0
DA:430,0
DA:442,0
DA:444,0
DA:452,0
DA:462,0
DA:466,0
DA:469,0
DA:476,0
DA:477,0
DA:479,0
DA:485,0
DA:488,0
DA:490,0
DA:494,0
DA:518,0
DA:521,0
DA:526,0
DA:528,0
DA:530,0
DA:534,0
DA:538,0
DA:545,0
DA:546,0
DA:547,0
DA:553,0
DA:554,0
DA:556,0
DA:557,0
DA:558,0
DA:562,0
DA:565,0
DA:568,0
DA:570,0
DA:571,0
DA:572,0
DA:575,0
DA:576,0
DA:578,0
DA:581,0
DA:583,0
DA:590,0
DA:593,0
DA:600,0
DA:603,0
DA:605,0
DA:617,0
DA:623,0
DA:628,0
DA:630,0
DA:634,0
DA:638,0
DA:640,0
DA:645,0
DA:647,0
DA:649,0
DA:653,0
DA:657,0
DA:658,0
DA:661,0
DA:667,0
DA:685,0
DA:736,0
DA:744,0
DA:747,0
DA:752,0
DA:760,0
DA:763,0
DA:766,0
DA:770,0
DA:772,0
DA:776,0
DA:778,0
DA:789,0
DA:791,0
DA:799,0
LF:148
LH:0
end_of_record
TN:
SF:/home/atcsol/git/obdh_proy_26_fernando_giron/DJF/FTs/ft_asw_uah_mars_drone_freertos/llsw/freertos_osswr/Source/list.c
FN:105,136,vListInsertEnd
FN:139,211,vListInsert
FN:215,245,uxListRemove
FN:49,86,vListInitialise
FN:89,102,vListInitialiseItem
FNDA:0,vListInsertEnd
FNDA:1091,vListInsert
FNDA:1294,uxListRemove
FNDA:147,vListInitialise
FNDA:24,vListInitialiseItem
FNF:5
FNH:4
DA:49,147
DA:56,147
DA:62,147
DA:66,147
DA:67,147
DA:78,147
DA:86,147
DA:89,24
DA:94,24
DA:102,24
DA:105,0
DA:108,0
DA:121,0
DA:122,0
DA:127,0
DA:128,0
DA:131,0
DA:133,0
DA:136,0
DA:139,1091
DA:143,1091
DA:161,1091
DA:163,0
DA:192,1326
DA:199,1091
DA:200,1091
DA:201,1091
DA:202,1091
DA:206,1091
DA:208,1091
DA:211,1091
DA:215,1294
DA:219,1294
DA:223,1294
DA:224,1294
DA:230,1294
DA:232,1091
DA:239,1294
DA:240,1294
DA:244,1294
LF:40
LH:30
end_of_record
TN:
SF:/home/atcsol/git/obdh_proy_26_fernando_giron/DJF/FTs/ft_asw_uah_mars_drone_freertos/llsw/freertos_osswr/Source/portable/ThirdParty/GCC/Posix/MemMang/heap_3.c
FN:121,132,vPortFree
FN:96,118,pvPortMalloc
FNDA:6,vPortFree
FNDA:84,pvPortMalloc
FNF:2
FNH:2
DA:96,84
DA:100,84
DA:102,84
DA:105,84
DA:117,84
DA:121,6
DA:123,6
DA:125,6
DA:127,6
DA:130,6
DA:132,6
LF:11
LH:11
end_of_record
TN:
SF:/home/atcsol/git/obdh_proy_26_fernando_giron/DJF/FTs/ft_asw_uah_mars_drone_freertos/llsw/freertos_osswr/Source/portable/ThirdParty/GCC/Posix/port.c
FN:131,136,prvFatalError
FN:139,146,prvPortSetCurrentThreadName
FN:152,210,pxPortInitialiseStack
FN:213,219,vPortStartFirstTask
FN:225,274,xPortStartScheduler
FN:277,293,vPortEndScheduler
FN:296,304,vPortEnterCritical
FN:307,316,vPortExitCritical
FN:319,331,prvPortYieldFromISR
FN:334,341,vPortYield
FN:344,347,vPortDisableInterrupts
FN:350,353,vPortEnableInterrupts
FN:356,361,xPortSetInterruptMask
FN:364,367,vPortClearInterruptMask
FN:370,377,prvGetTimeNs
FN:384,402,prvTimerTickHandler
FN:409,415,prvSetupTimerInterrupt
FN:418,457,vPortSystemTickHandler
FN:460,468,vPortThreadDying
FN:471,482,vPortCancelThread
FN:485,509,prvWaitForStart
FN:512,539,prvSwitchThread
FN:542,559,prvSuspendSelf
FN:563,569,prvResumeThread
FN:572,607,prvSetupSignalsAndSchedulerPolicy
FN:610,617,ulPortGetRunTime
FN:96,101,prvGetThreadFromTask
FNDA:0,prvFatalError
FNDA:14,prvPortSetCurrentThreadName
FNDA:12,pxPortInitialiseStack
FNDA:1,vPortStartFirstTask
FNDA:1,xPortStartScheduler
FNDA:0,vPortEndScheduler
FNDA:16046,vPortEnterCritical
FNDA:16035,vPortExitCritical
FNDA:1116,prvPortYieldFromISR
FNDA:1116,vPortYield
FNDA:15819,vPortDisableInterrupts
FNDA:15820,vPortEnableInterrupts
FNDA:0,xPortSetInterruptMask
FNDA:0,vPortClearInterruptMask
FNDA:1,prvGetTimeNs
FNDA:1,prvTimerTickHandler
FNDA:1,prvSetupTimerInterrupt
FNDA:10000,vPortSystemTickHandler
FNDA:0,vPortThreadDying
FNDA:0,vPortCancelThread
FNDA:12,prvWaitForStart
FNDA:11116,prvSwitchThread
FNDA:1227,prvSuspendSelf
FNDA:1217,prvResumeThread
FNDA:1,prvSetupSignalsAndSchedulerPolicy
FNDA:11116,ulPortGetRunTime
FNDA:32239,prvGetThreadFromTask
FNF:27
FNH:21
DA:96,32239
DA:98,32239
DA:100,32239
DA:131,0
DA:134,0
DA:135,0
DA:139,14
DA:144,14
DA:146,14
DA:152,12
DA:162,12
DA:167,12
DA:168,12
DA:174,12
DA:180,12
DA:181,12
DA:182,12
DA:185,12
DA:187,12
DA:188,12
DA:190,12
DA:192,0
DA:195,12
DA:197,12
DA:199,12
DA:202,12
DA:204,0
DA:207,12
DA:209,12
DA:213,1
DA:215,1
DA:218,1
DA:219,1
DA:225,1
DA:230,1
DA:231,1
DA:235,1
DA:242,1
DA:243,1
DA:244,1
DA:247,1
DA:250,1
DA:252,1
DA:259,0
DA:267,0
DA:271,0
DA:273,0
DA:277,0
DA:282,0
DA:283,0
DA:286,0
DA:287,0
DA:290,0
DA:291,0
DA:292,0
DA:293,0
DA:296,16046
DA:298,16046
DA:300,15818
DA:303,16046
DA:304,16046
DA:307,16035
DA:309,16035
DA:312,16035
DA:314,15808
DA:316,16035
DA:319,1116
DA:324,1116
DA:326,1116
DA:328,1116
DA:330,1116
DA:331,1106
DA:334,1116
DA:336,1116
DA:338,1116
DA:340,1106
DA:341,1106
DA:344,15819
DA:346,15819
DA:347,15819
DA:350,15820
DA:352,15820
DA:353,15820
DA:356,0
DA:360,0
DA:364,0
DA:367,0
DA:370,1
DA:374,1
DA:376,1
DA:384,1
DA:388,1
DA:390,10006
DA:396,10006
DA:397,10006
DA:398,10006
DA:401,0
DA:409,1
DA:411,1
DA:412,1
DA:414,1
DA:415,1
DA:418,10000
DA:427,10000
DA:430,10000
DA:441,10000
DA:449,10000
DA:451,10000
DA:453,10000
DA:456,9999
DA:457,9999
DA:460,0
DA:463,0
DA:467,0
DA:468,0
DA:471,0
DA:473,0
DA:478,0
DA:479,0
DA:480,0
DA:481,0
DA:482,0
DA:485,12
DA:487,12
DA:489,12
DA:492,12
DA:493,12
DA:496,12
DA:499,12
DA:506,0
DA:512,11116
DA:517,11116
DA:526,1216
DA:528,1216
DA:530,1215
DA:532,0
DA:535,1215
DA:537,1205
DA:539,11105
DA:542,1227
DA:557,1227
DA:558,1217
DA:559,1217
DA:563,1217
DA:565,1217
DA:567,1217
DA:569,1216
DA:572,1
DA:577,1
DA:580,1
DA:584,1
DA:593,1
DA:597,1
DA:598,1
DA:599,1
DA:601,1
DA:603,1
DA:605,0
DA:607,1
DA:610,11116
DA:614,11116
DA:616,11116
LF:162
LH:125
end_of_record
TN:
SF:/home/atcsol/git/obdh_proy_26_fernando_giron/DJF/FTs/ft_asw_uah_mars_drone_freertos/llsw/freertos_osswr/Source/portable/ThirdParty/GCC/Posix/utils/wait_for_event.c
FN:42,50,event_create
FN:52,57,event_delete
FN:59,71,event_wait
FN:72,96,event_wait_timed
FN:98,104,event_signal
FNDA:12,event_create
FNDA:0,event_delete
FNDA:1227,event_wait
FNDA:0,event_wait_timed
FNDA:1217,event_signal
FNF:5
FNH:3
DA:42,12
DA:44,12
DA:46,12
DA:47,12
DA:48,12
DA:49,12
DA:52,0
DA:54,0
DA:55,0
DA:56,0
DA:57,0
DA:59,1227
DA:61,1227
DA:63,2350
DA:65,1133
DA:68,1217
DA:69,1217
DA:70,1217
DA:72,0
DA:76,0
DA:78,0
DA:79,0
DA:80,0
DA:81,0
DA:83,0
DA:85,0
DA:87,0
DA:89,0
DA:93,0
DA:94,0
DA:95,0
DA:98,1217
DA:100,1217
DA:101,1217
DA:102,1217
DA:103,1217
DA:104,1216
LF:37
LH:19
end_of_record
TN:
SF:/home/atcsol/git/obdh_proy_26_fernando_giron/DJF/FTs/ft_asw_uah_mars_drone_freertos/llsw/freertos_osswr/Source/queue.c
FN:1157,1323,xQueueGenericSendFromISR
FN:1326,1493,xQueueGiveFromISR
FN:1496,1643,xQueueReceive
FN:1646,1868,xQueueSemaphoreTake
FN:1871,2026,xQueuePeek
FN:2029,2123,xQueueReceiveFromISR
FN:2126,2182,xQueuePeekFromISR
FN:2185,2202,uxQueueMessagesWaiting
FN:2205,2223,uxQueueSpacesAvailable
FN:2226,2239,uxQueueMessagesWaitingFromISR
FN:2242,2285,vQueueDelete
FN:2331,2338,uxQueueGetQueueItemSize
FN:2341,2348,uxQueueGetQueueLength
FN:2353,2373,prvGetDisinheritPriorityAfterTimeout
FN:2378,2458,prvCopyDataToQueue
FN:2461,2479,prvCopyDataFromQueue
FN:2482,2599,prvUnlockQueue
FN:2602,2620,prvIsQueueEmpty
FN:2623,2644,xQueueIsQueueEmptyFromISR
FN:2647,2665,prvIsQueueFull
FN:2668,2689,xQueueIsQueueFullFromISR
FN:2997,3041,vQueueAddToRegistry
FN:303,371,xQueueGenericReset
FN:3048,3076,pcQueueGetName
FN:3083,3113,vQueueUnregisterQueue
FN:3120,3157,vQueueWaitForMessageRestricted
FN:3164,3175,xQueueCreateSet
FN:3182,3213,xQueueAddToSet
FN:3220,3254,xQueueRemoveFromSet
FN:3261,3273,xQueueSelectFromSet
FN:3280,3291,xQueueSelectFromSetFromISR
FN:3298,3350,prvNotifyQueueSetContainer
FN:502,561,xQueueGenericCreate
FN:566,609,prvInitialiseNewQueue
FN:614,637,prvInitialiseMutex
FN:644,657,xQueueCreateMutex
FN:689,719,xQueueGetMutexHolder
FN:726,749,xQueueGetMutexHolderFromISR
FN:756,808,xQueueGiveMutexRecursive
FN:815,855,xQueueTakeMutexRecursive
FN:902,934,xQueueCreateCountingSemaphore
FN:939,1154,xQueueGenericSend
FNDA:0,xQueueGenericSendFromISR
FNDA:0,xQueueGiveFromISR
FNDA:0,xQueueReceive
FNDA:3770,xQueueSemaphoreTake
FNDA:0,xQueuePeek
FNDA:0,xQueueReceiveFromISR
FNDA:0,xQueuePeekFromISR
FNDA:0,uxQueueMessagesWaiting
FNDA:0,uxQueueSpacesAvailable
FNDA:0,uxQueueMessagesWaitingFromISR
FNDA:6,vQueueDelete
FNDA:0,uxQueueGetQueueItemSize
FNDA:0,uxQueueGetQueueLength
FNDA:0,prvGetDisinheritPriorityAfterTimeout
FNDA:3366,prvCopyDataToQueue
FNDA:0,prvCopyDataFromQueue
FNDA:1056,prvUnlockQueue
FNDA:1055,prvIsQueueEmpty
FNDA:0,xQueueIsQueueEmptyFromISR
FNDA:0,prvIsQueueFull
FNDA:0,xQueueIsQueueFullFromISR
FNDA:1,vQueueAddToRegistry
FNDA:60,xQueueGenericReset
FNDA:0,pcQueueGetName
FNDA:6,vQueueUnregisterQueue
FNDA:1,vQueueWaitForMessageRestricted
FNDA:0,xQueueCreateSet
FNDA:0,xQueueAddToSet
FNDA:0,xQueueRemoveFromSet
FNDA:0,xQueueSelectFromSet
FNDA:0,xQueueSelectFromSetFromISR
FNDA:0,prvNotifyQueueSetContainer
FNDA:60,xQueueGenericCreate
FNDA:60,prvInitialiseNewQueue
FNDA:16,prvInitialiseMutex
FNDA:16,xQueueCreateMutex
FNDA:0,xQueueGetMutexHolder
FNDA:0,xQueueGetMutexHolderFromISR
FNDA:0,xQueueGiveMutexRecursive
FNDA:0,xQueueTakeMutexRecursive
FNDA:42,xQueueCreateCountingSemaphore
FNDA:3366,xQueueGenericSend
FNF:42
FNH:15
DA:303,60
DA:306,60
DA:307,60
DA:311,60
DA:313,60
DA:314,60
DA:316,60
DA:318,60
DA:320,60
DA:321,60
DA:322,60
DA:323,60
DA:324,60
DA:325,60
DA:327,60
DA:334,0
DA:336,0
DA:338,0
DA:353,60
DA:354,60
DA:357,60
DA:361,0
DA:364,60
DA:370,60
DA:502,60
DA:506,60
DA:512,60
DA:514,60
DA:516,60
DA:521,60
DA:526,60
DA:528,60
DA:532,60
DA:533,60
DA:544,60
DA:554,0
DA:560,60
DA:566,60
DA:576,60
DA:582,59
DA:587,1
DA:592,60
DA:593,60
DA:594,60
DA:604,60
DA:609,60
DA:614,16
DA:616,16
DA:622,16
DA:623,16
DA:626,16
DA:631,16
DA:637,16
DA:644,16
DA:647,16
DA:651,16
[...]
FNF:4
FNH:2
DA:34,1
DA:42,1
DA:45,1
DA:47,1
DA:50,0
DA:54,1
DA:56,0
DA:61,1
DA:63,0
DA:71,1
DA:74,1
DA:76,0
DA:78,0
DA:81,0
DA:85,1
DA:91,1
DA:94,1
DA:97,1
DA:100,1
DA:102,1
DA:104,1
DA:105,1
DA:108,1
DA:110,1
DA:112,1
DA:114,1
DA:116,1
DA:120,0
DA:126,0
DA:136,1
DA:138,1
DA:140,0
DA:148,0
DA:151,0
DA:153,0
DA:156,0
DA:160,0
DA:162,0
DA:167,0
DA:169,0
DA:177,0
DA:180,0
DA:182,0
DA:184,0
DA:187,0
DA:191,0
DA:193,0
DA:195,0
DA:201,0
DA:210,0
DA:212,0
DA:214,1
DA:222,1
DA:225,1
DA:227,1
DA:230,0
DA:234,1
DA:236,0
DA:241,1
DA:243,0
DA:251,1
DA:254,1
DA:256,1
DA:258,1
DA:260,1
DA:264,0
DA:273,1
DA:275,1
DA:277,0
DA:285,0
DA:288,0
DA:290,0
DA:293,0
DA:297,0
DA:299,0
DA:304,0
DA:306,0
DA:314,0
DA:317,0
DA:319,0
DA:321,0
DA:323,0
DA:327,0
DA:336,0
DA:338,0
LF:85
LH:36
end_of_record
TN:
SF:/home/atcsol/git/obdh_proy_26_fernando_giron/DJF/FTs/ft_asw_uah_mars_drone_freertos/service_libraries/pus_services/pus_service19/src/aux_pus_service19_utils.c
FN:109,124,pus_service19_disable_ev_action
FN:126,142,pus_service19_enable_ev_action
FN:144,162,pus_service19_delete_ev_action
FN:164,177,pus_service19_get_free_ev_action_id
FN:181,211,pus_service19_get_ev_action
FN:213,242,pus_service19_set_ev_action
FN:244,307,pus_service19_add_ev_action_to_queue
FN:309,353,pus_service19_extract_ev_action_from_queue
FN:355,357,pus_service19_extract_ev_5_1_action
FN:359,363,pus_service19_extract_ev_5_2_action
FN:365,368,pus_service19_extract_ev_5_3_action
FN:369,373,pus_service19_extract_ev_5_4_action
FN:70,73,pus_service19_pending_ev_5_1_actions
FN:75,78,pus_service19_pending_ev_5_2_actions
FN:80,84,pus_service19_pending_ev_5_3_actions
FN:86,89,pus_service19_pending_ev_5_4_actions
FN:93,107,pus_service19_is_ev_action_defined
FNDA:1,pus_service19_disable_ev_action
FNDA:1,pus_service19_enable_ev_action
FNDA:0,pus_service19_delete_ev_action
FNDA:1,pus_service19_get_free_ev_action_id
FNDA:1,pus_service19_get_ev_action
FNDA:1,pus_service19_set_ev_action
FNDA:1,pus_service19_add_ev_action_to_queue
FNDA:1,pus_service19_extract_ev_action_from_queue
FNDA:0,pus_service19_extract_ev_5_1_action
FNDA:0,pus_service19_extract_ev_5_2_action
FNDA:0,pus_service19_extract_ev_5_3_action
FNDA:1,pus_service19_extract_ev_5_4_action
FNDA:99,pus_service19_pending_ev_5_1_actions
FNDA:99,pus_service19_pending_ev_5_2_actions
FNDA:99,pus_service19_pending_ev_5_3_actions
FNDA:100,pus_service19_pending_ev_5_4_actions
FNDA:3,pus_service19_is_ev_action_defined
FNF:17
FNH:13
DA:70,99
DA:71,99
DA:75,99
DA:77,99
DA:80,99
DA:82,99
DA:86,100
DA:88,100
DA:93,3
DA:96,3
DA:98,3
DA:99,21
DA:100,18
DA:101,2
DA:102,2
DA:103,2
DA:106,3
DA:109,1
DA:112,1
DA:114,1
DA:116,1
DA:120,0
DA:123,1
DA:126,1
DA:129,1
DA:131,1
DA:133,1
DA:137,0
DA:140,1
DA:144,0
DA:147,0
DA:149,0
DA:151,0
DA:152,0
DA:156,0
DA:159,0
DA:164,1
DA:166,1
DA:167,1
DA:168,1
DA:169,2
DA:170,1
DA:171,1
DA:172,1
DA:173,1
DA:176,1
DA:181,1
DA:186,1
DA:188,0
DA:190,1
DA:192,0
DA:198,1
DA:200,1
DA:202,19
DA:204,18
DA:205,18
DA:209,1
DA:213,1
DA:219,1
DA:221,0
DA:223,1
DA:225,0
DA:229,1
DA:231,1
DA:233,19
DA:234,18
DA:235,18
DA:240,1
DA:244,1
DA:247,1
DA:249,1
DA:251,1
DA:253,0
DA:256,1
DA:258,1
DA:260,0
DA:261,0
DA:262,0
DA:263,0
DA:264,0
DA:265,0
DA:266,0
DA:267,0
DA:268,0
DA:270,1
DA:271,1
DA:272,1
DA:273,0
DA:274,0
DA:275,0
DA:280,1
DA:282,1
DA:288,1
DA:289,1
DA:290,1
DA:292,1
DA:295,1
DA:296,1
DA:297,1
DA:301,0
DA:306,1
DA:309,1
DA:311,1
DA:313,1
DA:314,0
DA:315,1
DA:316,0
DA:317,1
DA:318,0
DA:319,1
DA:320,0
DA:328,1
DA:331,1
DA:334,19
DA:336,18
DA:337,18
DA:341,1
DA:344,1
DA:345,1
DA:348,1
DA:352,1
DA:355,0
DA:356,0
DA:359,0
DA:361,0
DA:365,0
DA:366,0
DA:369,1
DA:371,1
LF:129
LH:92
end_of_record
TN:
SF:/home/atcsol/git/obdh_proy_26_fernando_giron/DJF/FTs/ft_asw_uah_mars_drone_freertos/service_libraries/pus_services/pus_service19/src/pus_service19.c
FN:31,48,pus_service19_mng_event_action
FN:50,56,pus_service19_pending_ev_actions
FN:58,92,pus_service19_extract_next_ev_action
FN:94,116,pus_service19_exec_tc
FNDA:1,pus_service19_mng_event_action
FNDA:99,pus_service19_pending_ev_actions
FNDA:1,pus_service19_extract_next_ev_action
FNDA:2,pus_service19_exec_tc
FNF:4
FNH:4
DA:31,1
DA:39,1
DA:43,1
DA:45,1
DA:48,1
DA:50,99
DA:52,99
DA:53,99
DA:54,99
DA:55,99
DA:58,1
DA:60,1
DA:61,1
DA:64,1
DA:66,1
DA:68,0
DA:70,0
DA:72,0
DA:74,0
DA:76,0
DA:78,0
DA:82,0
DA:83,0
DA:84,0
DA:88,0
DA:91,1
DA:94,2
DA:95,2
DA:96,1
DA:97,1
DA:98,1
DA:99,0
DA:100,0
DA:101,0
DA:102,1
DA:103,1
DA:104,1
DA:105,0
DA:106,0
DA:107,0
DA:109,0
DA:111,0
DA:113,0
DA:116,2
LF:44
LH:25
end_of_record
TN:
SF:/home/atcsol/git/obdh_proy_26_fernando_giron/DJF/FTs/ft_asw_uah_mars_drone_freertos/service_libraries/pus_services/pus_service20/src/aux_pus_service20_tx_tm.c
FN:36,67,pus_service20_tx_TM_20_2
FNDA:1,pus_service20_tx_TM_20_2
FNF:1
FNH:1
DA:36,1
DA:38,1
DA:43,1
DA:45,1
DA:48,1
DA:51,1
DA:54,1
DA:57,1
DA:59,1
DA:62,1
DA:65,1
LF:11
LH:11
end_of_record
TN:
SF:/home/atcsol/git/obdh_proy_26_fernando_giron/DJF/FTs/ft_asw_uah_mars_drone_freertos/service_libraries/pus_services/pus_service20/src/aux_pus_sevice20_exec_tc.c
FN:34,79,pus_service20_exec_TC_20_1
FN:81,150,pus_service20_exec_TC_20_3
FNDA:1,pus_service20_exec_TC_20_1
FNDA:3,pus_service20_exec_TC_20_3
FNF:2
FNH:2
DA:34,1
DA:42,1
DA:45,1
DA:47,1
DA:50,0
DA:54,1
DA:56,0
DA:61,1
DA:64,0
DA:68,1
DA:69,1
DA:70,1
DA:77,1
DA:79,1
DA:81,3
DA:89,3
DA:92,3
DA:95,3
DA:97,0
DA:100,3
DA:102,0
DA:107,3
DA:110,0
DA:114,3
DA:116,0
DA:124,3
DA:125,3
DA:127,3
DA:130,0
DA:134,3
DA:137,3
DA:140,3
DA:148,3
DA:150,3
LF:34
LH:26
end_of_record
TN:
SF:/home/atcsol/git/obdh_proy_26_fernando_giron/DJF/FTs/ft_asw_uah_mars_drone_freertos/service_libraries/pus_services/pus_service20/src/pus_service20.c
FN:43,60,pus_service20_exec_tc
FNDA:4,pus_service20_exec_tc
FNF:1
FNH:1
DA:43,4
DA:45,4
DA:46,1
DA:47,1
DA:48,1
DA:49,3
DA:50,3
DA:51,3
DA:52,0
DA:54,0
DA:55,0
DA:60,4
LF:12
LH:9
end_of_record
TN:
SF:/home/atcsol/git/obdh_proy_26_fernando_giron/DJF/FTs/ft_asw_uah_mars_drone_freertos/service_libraries/pus_services/pus_sys_data_pool/src/pus_sys_data_pool.c
FN:104,110,sys_data_pool_PID_size
FN:112,139,sys_data_pool_is_PID_update_via_TC_enabled
FN:141,150,sys_data_pool_get_int16_param
FN:152,161,sys_data_pool_get_uint8_param
FN:163,171,sys_data_pool_get_uint32_param
FN:174,212,sys_data_pool_get_param_value
FN:214,253,sys_data_pool_set_param_from_serialized_bytes
FN:255,292,sys_data_pool_set_item_from_serialized_bytes
FN:294,304,sys_data_pool_set_uint8_param
FN:306,316,sys_data_pool_set_int16_param
FN:318,328,sys_data_pool_set_uint32_param
FN:330,365,sys_data_pool_item1_higher_than_item2
FN:367,403,sys_data_pool_param_higher_than_limit
FN:405,441,sys_data_pool_param_lower_than_limit
FN:443,491,sys_data_pool_param_update_mean
FN:493,547,sys_data_pool_masked_param_equal_than_masked_item
FN:51,55,sys_data_pool_is_PID_valid
FN:57,76,sys_data_pool_item_type
FN:78,102,sys_data_pool_item_type_size
FNDA:3,sys_data_pool_PID_size
FNDA:3,sys_data_pool_is_PID_update_via_TC_enabled
FNDA:0,sys_data_pool_get_int16_param
FNDA:13,sys_data_pool_get_uint8_param
FNDA:0,sys_data_pool_get_uint32_param
FNDA:20,sys_data_pool_get_param_value
FNDA:3,sys_data_pool_set_param_from_serialized_bytes
FNDA:2,sys_data_pool_set_item_from_serialized_bytes
FNDA:36,sys_data_pool_set_uint8_param
FNDA:6,sys_data_pool_set_int16_param
FNDA:525,sys_data_pool_set_uint32_param
FNDA:1,sys_data_pool_item1_higher_than_item2
FNDA:20,sys_data_pool_param_higher_than_limit
FNDA:10,sys_data_pool_param_lower_than_limit
FNDA:0,sys_data_pool_param_update_mean
FNDA:0,sys_data_pool_masked_param_equal_than_masked_item
FNDA:5,sys_data_pool_is_PID_valid
FNDA:695,sys_data_pool_item_type
FNDA:4,sys_data_pool_item_type_size
FNF:19
FNH:15
DA:51,5
DA:53,5
DA:57,695
DA:61,695
DA:63,525
DA:65,170
DA:67,164
DA:68,6
DA:70,6
DA:72,0
DA:74,695
DA:78,4
DA:80,4
DA:82,4
DA:84,0
DA:85,0
DA:86,0
DA:88,4
DA:89,4
DA:90,4
DA:92,0
DA:93,0
DA:94,0
DA:95,0
DA:97,0
DA:98,0
DA:100,4
DA:104,3
DA:107,3
DA:108,3
DA:112,3
DA:116,3
DA:120,3
DA:122,0
DA:123,0
DA:124,0
DA:125,0
DA:127,0
DA:128,0
DA:129,0
DA:131,3
DA:133,3
DA:137,3
DA:141,0
DA:143,0
DA:145,0
DA:146,0
DA:148,0
DA:152,13
DA:154,13
DA:156,13
DA:157,13
DA:159,13
DA:163,0
DA:165,0
DA:167,0
DA:168,0
DA:170,0
DA:174,20
DA:178,20
DA:179,0
DA:186,20
DA:188,20
DA:190,0
DA:191,0
DA:192,0
DA:194,20
DA:195,20
DA:196,20
DA:198,0
DA:199,0
DA:200,0
DA:202,0
DA:204,0
DA:205,0
DA:210,20
DA:214,3
DA:217,3
DA:219,3
DA:220,0
DA:227,3
DA:229,3
DA:231,0
DA:232,0
DA:233,0
DA:235,3
DA:236,3
DA:237,3
DA:239,0
DA:240,0
DA:241,0
DA:243,0
DA:245,0
DA:246,0
DA:251,3
DA:255,2
DA:261,2
DA:262,0
DA:264,2
DA:266,0
DA:269,2
DA:270,0
DA:272,0
DA:273,0
DA:275,2
DA:276,2
DA:277,2
DA:278,0
DA:279,0
DA:280,0
DA:283,0
DA:285,0
DA:286,0
DA:291,2
DA:294,36
DA:297,36
DA:298,36
DA:300,36
DA:301,36
DA:303,36
DA:306,6
DA:309,6
DA:310,6
DA:312,6
DA:313,6
DA:315,6
DA:318,525
DA:321,525
DA:322,525
DA:324,525
DA:325,525
DA:327,525
DA:330,1
DA:334,1
DA:336,1
DA:340,1
DA:342,0
DA:343,0
DA:345,0
DA:347,0
DA:348,0
DA:349,0
DA:350,1
DA:351,1
DA:353,1
DA:354,0
DA:357,0
DA:363,1
DA:367,20
DA:370,20
DA:372,20
DA:375,20
DA:377,20
DA:379,0
DA:380,0
DA:382,0
DA:384,0
DA:385,0
DA:387,0
DA:389,20
DA:390,20
DA:392,20
DA:393,0
DA:396,0
DA:402,20
DA:405,10
DA:408,10
DA:410,10
DA:413,10
DA:415,10
DA:417,0
DA:418,0
DA:420,0
DA:422,0
DA:423,0
DA:425,0
DA:426,10
DA:427,10
DA:429,10
DA:430,0
DA:433,0
DA:439,10
DA:443,0
DA:446,0
DA:448,0
DA:451,0
DA:453,0
DA:455,0
DA:457,0
DA:458,0
DA:459,0
DA:461,0
DA:463,0
DA:465,0
DA:466,0
DA:467,0
DA:470,0
DA:472,0
DA:473,0
DA:474,0
DA:477,0
DA:478,0
DA:480,0
DA:481,0
DA:486,0
DA:489,0
DA:493,0
DA:497,0
DA:499,0
DA:502,0
DA:504,0
DA:506,0
DA:508,0
DA:509,0
DA:511,0
DA:513,0
DA:515,0
DA:517,0
DA:519,0
DA:521,0
DA:523,0
DA:525,0
DA:527,0
DA:529,0
DA:531,0
DA:533,0
DA:535,0
DA:536,0
DA:539,0
DA:545,0
LF:230
LH:100
end_of_record
TN:
SF:/home/atcsol/git/obdh_proy_26_fernando_giron/DJF/FTs/ft_asw_uah_mars_drone_freertos/service_libraries/pus_services/pus_tc_handler/src/pus_tc_handler.c
FN:102,121,tc_handler_start_up_execution
FN:123,142,tc_handler_free_memory
FN:144,164,tc_handler_is_valid_next_appdata_field
FN:166,181,tc_handler_get_uint8_appdata_field
FN:183,199,tc_handler_get_uint16_appdata_field
FN:201,217,tc_handler_get_uint32_appdata_field
FN:219,235,tc_handler_get_uint64_appdata_field
FN:237,253,tc_handler_get_int8_appdata_field
FN:255,271,tc_handler_get_int16_appdata_field
FN:273,289,tc_handler_get_int32_appdata_field
FN:291,307,tc_handler_get_int64_appdata_field
FN:30,48,tc_handler_build_from_descriptor
FN:309,326,tc_handler_get_float_appdata_field
FN:328,349,tc_handler_get_byte_array_appdata_field
FN:353,379,tc_handler_get_tc_mem_descriptor_from_remaining_appdata
FN:55,65,tc_handler_is_tc_accept_ack_enabled
FN:67,77,tc_handler_is_tc_start_exec_ack_enabled
FN:79,89,tc_handler_is_tc_progress_exec_ack_enabled
FN:91,100,tc_handler_is_tc_completion_exec_ack_enabled
FNDA:15,tc_handler_start_up_execution
FNDA:30,tc_handler_free_memory
FNDA:34,tc_handler_is_valid_next_appdata_field
FNDA:15,tc_handler_get_uint8_appdata_field
FNDA:14,tc_handler_get_uint16_appdata_field
FNDA:0,tc_handler_get_uint32_appdata_field
FNDA:0,tc_handler_get_uint64_appdata_field
FNDA:0,tc_handler_get_int8_appdata_field
FNDA:0,tc_handler_get_int16_appdata_field
FNDA:0,tc_handler_get_int32_appdata_field
FNDA:0,tc_handler_get_int64_appdata_field
FNDA:17,tc_handler_build_from_descriptor
FNDA:0,tc_handler_get_float_appdata_field
FNDA:5,tc_handler_get_byte_array_appdata_field
FNDA:1,tc_handler_get_tc_mem_descriptor_from_remaining_appdata
FNDA:14,tc_handler_is_tc_accept_ack_enabled
FNDA:14,tc_handler_is_tc_start_exec_ack_enabled
FNDA:0,tc_handler_is_tc_progress_exec_ack_enabled
FNDA:14,tc_handler_is_tc_completion_exec_ack_enabled
FNF:19
FNH:11
DA:30,17
DA:32,17
DA:34,17
DA:35,0
DA:39,17
DA:42,17
DA:47,17
DA:55,14
DA:57,14
DA:58,14
DA:60,14
DA:64,14
DA:67,14
DA:69,14
DA:70,14
DA:72,14
DA:76,14
DA:79,0
DA:81,0
DA:82,0
DA:84,0
DA:88,0
DA:91,14
DA:92,14
DA:93,14
DA:95,14
DA:99,14
DA:102,15
DA:104,15
DA:106,15
DA:107,0
DA:108,15
DA:110,0
DA:111,0
DA:115,15
DA:119,15
DA:123,30
DA:125,30
DA:127,30
DA:128,0
DA:129,30
DA:131,0
DA:135,30
DA:138,30
DA:140,30
DA:144,34
DA:147,34
DA:149,34
DA:152,34
DA:153,34
DA:156,34
DA:159,34
DA:162,34
DA:166,15
DA:169,15
DA:170,15
DA:171,15
DA:173,15
DA:175,15
DA:177,0
DA:180,15
DA:183,14
DA:185,14
DA:186,14
DA:187,14
DA:189,28
DA:190,14
DA:192,14
DA:194,0
DA:197,14
DA:201,0
DA:203,0
DA:204,0
DA:205,0
DA:207,0
DA:208,0
DA:210,0
DA:212,0
DA:215,0
DA:219,0
DA:221,0
DA:222,0
DA:223,0
DA:225,0
DA:226,0
DA:228,0
DA:230,0
DA:233,0
DA:237,0
DA:240,0
DA:241,0
DA:242,0
DA:244,0
DA:245,0
DA:247,0
DA:249,0
DA:252,0
DA:255,0
DA:257,0
DA:258,0
DA:259,0
DA:261,0
DA:262,0
DA:264,0
DA:266,0
DA:269,0
DA:273,0
DA:275,0
DA:276,0
DA:277,0
DA:279,0
DA:280,0
DA:282,0
DA:284,0
DA:287,0
DA:291,0
DA:293,0
DA:294,0
DA:295,0
DA:297,0
DA:298,0
DA:300,0
DA:302,0
DA:305,0
DA:309,0
DA:312,0
DA:313,0
DA:314,0
DA:316,0
DA:317,0
DA:319,0
DA:321,0
DA:324,0
DA:328,5
DA:330,5
DA:331,5
DA:332,5
DA:334,10
DA:336,5
DA:337,5
DA:338,5
DA:341,5
DA:344,0
DA:347,5
DA:353,1
DA:356,1
DA:358,1
DA:360,1
DA:362,1
DA:364,1
DA:365,1
DA:366,1
DA:368,1
DA:372,0
DA:373,0
DA:375,0
DA:378,1
LF:157
LH:77
end_of_record
TN:
SF:/home/atcsol/git/obdh_proy_26_fernando_giron/DJF/FTs/ft_asw_uah_mars_drone_freertos/service_libraries/pus_services/pus_tm_handler/src/pus_tm_handler.c
FN:107,124,tm_handler_build_df_header
FN:126,149,tm_handler_serialize_df_header
FN:151,183,tm_handler_close_and_tx
FN:185,205,tm_handler_free_mem
FN:207,221,tm_handler_is_valid_next_appdata_field
FN:223,238,tm_handler_append_uint8_appdata_field
FN:240,256,tm_handler_append_uint16_appdata_field
FN:258,274,tm_handler_append_uint32_appdata_field
FN:276,292,tm_handler_append_uint64_appdata_field
FN:294,309,tm_handler_append_int8_appdata_field
FN:311,327,tm_handler_append_int16_appdata_field
FN:329,345,tm_handler_append_int32_appdata_field
FN:34,44,get_next_tm_packet_seq_ctrl
FN:347,363,tm_handler_append_int64_appdata_field
FN:365,384,tm_handler_append_byte_array_appdata_field
FN:386,414,tm_handler_append_data_pool_item
FN:46,76,tm_handler_mem_alloc_and_startup
FN:78,90,tm_handler_build_packet_header
FN:92,105,tm_handler_serialize_packet_header
FNDA:58,tm_handler_build_df_header
FNDA:58,tm_handler_serialize_df_header
FNDA:58,tm_handler_close_and_tx
FNDA:58,tm_handler_free_mem
FNDA:135,tm_handler_is_valid_next_appdata_field
FNDA:31,tm_handler_append_uint8_appdata_field
FNDA:102,tm_handler_append_uint16_appdata_field
FNDA:2,tm_handler_append_uint32_appdata_field
FNDA:0,tm_handler_append_uint64_appdata_field
FNDA:0,tm_handler_append_int8_appdata_field
FNDA:0,tm_handler_append_int16_appdata_field
FNDA:0,tm_handler_append_int32_appdata_field
FNDA:58,get_next_tm_packet_seq_ctrl
FNDA:0,tm_handler_append_int64_appdata_field
FNDA:0,tm_handler_append_byte_array_appdata_field
FNDA:6,tm_handler_append_data_pool_item
FNDA:58,tm_handler_mem_alloc_and_startup
FNDA:58,tm_handler_build_packet_header
FNDA:58,tm_handler_serialize_packet_header
FNF:19
FNH:13
DA:34,58
DA:36,58
DA:39,58
DA:40,58
DA:41,0
DA:43,58
DA:46,58
DA:49,58
DA:51,58
DA:52,58
DA:54,58
DA:56,58
DA:59,58
DA:61,58
DA:62,58
DA:65,0
DA:66,0
DA:68,0
DA:73,0
DA:75,58
DA:78,58
DA:80,58
DA:83,58
DA:84,58
DA:86,58
DA:87,58
DA:88,58
DA:90,58
DA:92,58
DA:94,58
DA:96,58
DA:99,58
DA:102,58
DA:105,58
DA:107,58
DA:109,58
DA:114,58
DA:116,58
DA:118,58
DA:121,58
DA:122,58
DA:124,58
DA:126,58
DA:128,58
DA:131,58
DA:132,58
DA:133,58
DA:136,58
DA:139,58
DA:143,58
DA:146,58
DA:149,58
DA:151,58
DA:153,58
DA:155,58
DA:157,58
DA:159,58
DA:160,58
DA:162,58
DA:163,58
DA:165,58
DA:166,58
DA:167,58
DA:170,58
DA:174,0
DA:175,0
DA:180,0
DA:182,58
DA:185,58
DA:187,58
DA:189,58
DA:191,58
DA:193,58
DA:196,0
DA:198,58
DA:201,0
DA:203,58
DA:207,135
DA:210,135
DA:212,135
DA:213,135
DA:214,135
DA:215,135
DA:216,135
DA:219,135
DA:223,31
DA:226,31
DA:227,31
DA:228,31
DA:230,31
DA:232,31
DA:234,0
DA:237,31
DA:240,102
DA:242,102
DA:243,102
DA:244,102
DA:246,102
DA:247,102
DA:249,102
DA:251,0
DA:254,102
DA:258,2
DA:260,2
DA:261,2
DA:262,2
DA:264,2
DA:265,2
DA:267,2
DA:269,0
DA:272,2
DA:276,0
DA:278,0
DA:279,0
DA:280,0
DA:282,0
DA:283,0
DA:285,0
DA:287,0
DA:290,0
DA:294,0
DA:297,0
DA:298,0
DA:299,0
DA:301,0
DA:303,0
DA:305,0
DA:308,0
DA:311,0
DA:313,0
DA:314,0
DA:315,0
DA:317,0
DA:318,0
DA:320,0
DA:322,0
DA:325,0
DA:329,0
DA:331,0
DA:332,0
DA:333,0
DA:335,0
DA:336,0
DA:338,0
DA:340,0
DA:343,0
DA:347,0
DA:349,0
DA:350,0
DA:351,0
DA:353,0
DA:354,0
DA:356,0
DA:358,0
DA:361,0
DA:365,0
DA:367,0
DA:368,0
DA:369,0
DA:371,0
DA:373,0
DA:374,0
DA:376,0
DA:379,0
DA:382,0
DA:386,6
DA:392,6
DA:394,6
DA:396,0
DA:397,0
DA:399,0
DA:400,6
DA:401,6
DA:402,6
DA:403,6
DA:404,0
DA:405,0
DA:406,0
DA:407,0
DA:408,0
DA:409,0
DA:412,6
LF:182
LH:106
end_of_record
TN:
SF:/home/atcsol/git/obdh_proy_26_fernando_giron/DJF/FTs/ft_asw_uah_mars_drone_freertos/service_libraries/pus_services/src/aux_pus_services_utils.c
FN:31,61,pus_services_TM_X_Y_write_PIDValue
FN:63,98,pus_services_TM_X_Y_write_saved_PIDValue
FNDA:13,pus_services_TM_X_Y_write_PIDValue
FNDA:0,pus_services_TM_X_Y_write_saved_PIDValue
FNF:2
FNH:1
DA:31,13
DA:34,13
DA:36,13
DA:39,13
DA:41,0
DA:42,0
DA:45,0
DA:47,13
DA:48,13
DA:49,13
DA:50,13
DA:51,0
DA:52,0
DA:53,0
DA:55,0
DA:56,0
DA:57,0
DA:60,13
DA:63,0
DA:66,0
DA:68,0
DA:71,0
DA:73,0
DA:74,0
DA:75,0
DA:77,0
DA:79,0
DA:80,0
DA:81,0
DA:83,0
DA:85,0
DA:86,0
DA:87,0
DA:89,0
DA:91,0
DA:92,0
DA:95,0
LF:37
LH:9
end_of_record
TN:
SF:/home/atcsol/git/obdh_proy_26_fernando_giron/DJF/FTs/ft_asw_uah_mars_drone_freertos/service_libraries/pus_services/src/pus_services.c
FN:138,143,pus_services_update_params
FN:38,51,pus_services_startup
FN:53,57,pus_services_mng_reboot
FN:59,136,pus_services_do_FDIR
FNDA:100,pus_services_update_params
FNDA:2,pus_services_startup
FNDA:1,pus_services_mng_reboot
FNDA:100,pus_services_do_FDIR
FNF:4
FNH:4
DA:38,2
DA:42,2
DA:45,2
DA:47,2
DA:50,2
DA:51,2
DA:53,1
DA:56,1
DA:57,0
DA:59,100
DA:65,100
DA:67,1700
DA:69,1600
DA:73,20
DA:74,20
DA:77,20
DA:79,20
DA:80,20
DA:85,20
DA:88,20
DA:90,1
DA:92,1
DA:94,1
DA:101,20
DA:102,0
DA:107,0
DA:111,0
DA:113,0
DA:115,0
DA:117,0
DA:124,0
DA:125,0
DA:127,0
DA:132,20
DA:133,1
DA:136,100
DA:138,100
DA:141,100
DA:143,100
LF:39
LH:29
end_of_record
TN:
SF:/home/atcsol/git/obdh_proy_26_fernando_giron/DJF/FTs/ft_asw_uah_mars_drone_freertos/service_libraries/serialize/src/serialize.c
FN:113,132,deserialize_int64
FN:134,153,deserialize_uint64
FN:155,175,deserialize_float
FN:178,201,serialize_int16
FN:203,220,serialize_uint16
FN:222,241,serialize_int32
FN:243,260,serialize_uint32
FN:262,281,serialize_int64
FN:283,302,serialize_uint64
FN:29,48,deserialize_int16
FN:304,321,serialize_float
FN:50,69,deserialize_uint16
FN:71,90,deserialize_int32
FN:92,111,deserialize_uint32
FNDA:0,deserialize_int64
FNDA:0,deserialize_uint64
FNDA:0,deserialize_float
FNDA:0,serialize_int16
FNDA:544,serialize_uint16
FNDA:0,serialize_int32
FNDA:61,serialize_uint32
FNDA:0,serialize_int64
FNDA:0,serialize_uint64
FNDA:0,deserialize_int16
FNDA:0,serialize_float
FNDA:425,deserialize_uint16
FNDA:0,deserialize_int32
FNDA:2,deserialize_uint32
FNF:14
FNH:4
DA:29,0
DA:36,0
DA:41,0
DA:46,0
DA:50,425
DA:57,1275
DA:62,850
DA:67,425
DA:71,0
DA:78,0
DA:83,0
DA:88,0
DA:92,2
DA:99,10
DA:104,8
DA:109,2
DA:113,0
DA:120,0
DA:125,0
DA:130,0
DA:134,0
DA:141,0
DA:146,0
DA:151,0
DA:155,0
DA:162,0
DA:167,0
DA:172,0
DA:178,0
DA:185,0
DA:187,0
DA:197,0
DA:201,0
DA:203,544
DA:210,544
DA:212,1632
DA:217,1088
DA:220,544
DA:222,0
DA:229,0
DA:231,0
DA:237,0
DA:241,0
DA:243,61
DA:249,61
DA:251,305
DA:256,244
DA:260,61
DA:262,0
DA:269,0
DA:271,0
DA:277,0
DA:281,0
DA:283,0
DA:290,0
DA:292,0
DA:298,0
DA:302,0
DA:304,0
DA:310,0
DA:312,0
DA:317,0
DA:321,0
LF:63
LH:18
end_of_record
TN:
SF:/home/atcsol/git/obdh_proy_26_fernando_giron/DJF/FTs/ft_asw_uah_mars_drone_freertos/uah_asw_mmesp_project.cpp
FN:25,48,main
FNDA:1,main
FNF:1
FNH:1
DA:25,1
DA:36,1
DA:37,1
DA:38,1
DA:39,1
DA:40,1
DA:42,1
DA:44,1
DA:46,0
DA:48,0
LF:10
LH:8
end_of_record
